2017-06-29 09:04:14,056 - login.py:30 - mylogger - Administrator login
2017-06-29 09:09:51,317 - login.py:30 - mylogger - Administrator login
2017-06-29 09:17:56,086 - login.py:30 - mylogger - Administrator login
2017-06-29 09:20:05,372 - login.py:30 - mylogger - Administrator login
2017-06-29 09:46:40,692 - main.py:194 - mylogger - first info message!
2017-06-29 09:46:40,920 - main.py:194 - mylogger - Test item: function1
2017-06-29 09:46:40,951 - main.py:194 - mylogger - Skip item: function2
2017-06-29 09:46:41,215 - main.py:194 - mylogger - Test item: function1
2017-06-29 09:46:41,245 - main.py:194 - mylogger - Skip item: function2
2017-06-29 09:46:41,250 - main.py:194 - mylogger - Test item: function3
2017-06-29 09:46:41,422 - main.py:194 - mylogger - Test item: function3
2017-06-29 09:46:41,537 - main.py:194 - mylogger - Test item: function4
2017-06-29 09:46:41,731 - main.py:194 - mylogger - Test item: function4
2017-06-29 09:46:41,760 - main.py:194 - mylogger - Test item: function5
2017-06-29 09:46:42,143 - main.py:194 - mylogger - Test item: function5
2017-06-29 09:46:42,171 - main.py:194 - mylogger - Test item: function6
2017-06-29 09:46:42,352 - main.py:194 - mylogger - Test item: function6
2017-06-29 09:46:42,456 - main.py:194 - mylogger - Test item: function7
2017-06-29 09:46:42,670 - main.py:194 - mylogger - Test item: function7
2017-06-29 09:46:42,966 - main.py:194 - mylogger - Test item: function8
2017-06-29 09:46:43,078 - main.py:194 - mylogger - Test item: function8
2017-06-29 09:46:43,176 - main.py:194 - mylogger - Test item: function9
2017-06-29 09:46:43,212 - main.py:194 - mylogger - total time： 2.42
2017-06-29 09:46:43,588 - main.py:194 - mylogger - Test item: function9
2017-06-29 09:46:43,798 - main.py:194 - mylogger - Test item: function10
2017-06-29 09:46:44,214 - main.py:194 - mylogger - Test item: function11
2017-06-29 09:46:44,236 - main.py:194 - mylogger - total time： 3.41
2017-06-29 09:52:27,617 - login.py:30 - mylogger - Administrator login
2017-06-29 09:52:29,000 - main.py:194 - mylogger - first info message!
2017-06-29 09:52:29,225 - main.py:194 - mylogger - Test item: function1
2017-06-29 09:52:29,256 - main.py:194 - mylogger - Skip item: function2
2017-06-29 09:52:29,517 - main.py:194 - mylogger - Test item: function1
2017-06-29 09:52:29,548 - main.py:194 - mylogger - Skip item: function2
2017-06-29 09:52:29,553 - main.py:194 - mylogger - Test item: function3
2017-06-29 09:52:29,726 - main.py:194 - mylogger - Test item: function3
2017-06-29 09:52:29,848 - main.py:194 - mylogger - Test item: function4
2017-06-29 09:52:30,034 - main.py:194 - mylogger - Test item: function4
2017-06-29 09:52:30,064 - main.py:194 - mylogger - Test item: function5
2017-06-29 09:52:30,439 - main.py:194 - mylogger - Test item: function5
2017-06-29 09:52:30,467 - main.py:194 - mylogger - Test item: function6
2017-06-29 09:52:30,648 - main.py:194 - mylogger - Test item: function6
2017-06-29 09:52:30,762 - main.py:194 - mylogger - Test item: function7
2017-06-29 09:52:30,964 - main.py:194 - mylogger - Test item: function7
2017-06-29 09:52:31,267 - main.py:194 - mylogger - Test item: function8
2017-06-29 09:52:31,367 - main.py:194 - mylogger - Test item: function8
2017-06-29 09:52:31,478 - main.py:194 - mylogger - Test item: function9
2017-06-29 09:52:31,515 - main.py:194 - mylogger - total time： 2.40
2017-06-29 09:52:31,874 - main.py:194 - mylogger - Test item: function9
2017-06-29 09:52:32,084 - main.py:194 - mylogger - Test item: function10
2017-06-29 09:52:32,489 - main.py:194 - mylogger - Test item: function11
2017-06-29 09:52:32,513 - main.py:194 - mylogger - total time： 3.41
2017-06-29 09:55:45,756 - login.py:30 - mylogger - Administrator login
2017-06-29 09:55:47,601 - main.py:194 - mylogger - first info message!
2017-06-29 09:55:47,825 - main.py:194 - mylogger - Test item: function1
2017-06-29 09:56:11,156 - login.py:30 - mylogger - Administrator login
2017-06-29 09:56:12,847 - main.py:194 - mylogger - first info message!
2017-06-29 09:56:13,069 - main.py:194 - mylogger - Test item: function1
2017-06-29 09:56:13,103 - main.py:194 - mylogger - Skip item: function2
2017-06-29 09:56:13,278 - main.py:194 - mylogger - Test item: function1
2017-06-29 09:57:02,626 - login.py:30 - mylogger - Administrator login
2017-06-29 09:57:04,039 - main.py:194 - mylogger - first info message!
2017-06-29 09:57:04,266 - main.py:194 - mylogger - Test item: function1
2017-06-29 09:57:04,297 - main.py:194 - mylogger - Skip item: function2
2017-06-29 09:57:04,560 - main.py:194 - mylogger - Test item: function1
2017-06-29 09:57:04,592 - main.py:194 - mylogger - Skip item: function2
2017-06-29 09:57:04,598 - main.py:194 - mylogger - Test item: function3
2017-06-29 09:57:04,768 - main.py:194 - mylogger - Test item: function3
2017-06-29 09:57:04,873 - main.py:194 - mylogger - Test item: function4
2017-06-29 09:57:05,075 - main.py:194 - mylogger - Test item: function4
2017-06-29 09:57:05,105 - main.py:194 - mylogger - Test item: function5
2017-06-29 09:57:05,483 - main.py:194 - mylogger - Test item: function5
2017-06-29 09:57:05,512 - main.py:194 - mylogger - Test item: function6
2017-06-29 09:57:05,685 - main.py:194 - mylogger - Test item: function6
2017-06-29 09:57:05,792 - main.py:194 - mylogger - Test item: function7
2017-06-29 09:57:05,999 - main.py:194 - mylogger - Test item: function7
2017-06-29 09:57:06,303 - main.py:194 - mylogger - Test item: function8
2017-06-29 09:57:06,402 - main.py:194 - mylogger - Test item: function8
2017-06-29 09:57:06,511 - main.py:194 - mylogger - Test item: function9
2017-06-29 09:58:57,065 - login.py:30 - mylogger - Administrator login
2017-06-29 09:59:01,166 - main.py:194 - mylogger - first info message!
2017-06-29 09:59:01,393 - main.py:194 - mylogger - Test item: function1
2017-06-29 09:59:01,424 - main.py:194 - mylogger - Skip item: function2
2017-06-29 09:59:01,687 - main.py:194 - mylogger - Test item: function1
2017-06-29 09:59:01,720 - main.py:194 - mylogger - Skip item: function2
2017-06-29 09:59:01,725 - main.py:194 - mylogger - Test item: function3
2017-06-29 09:59:01,891 - main.py:194 - mylogger - Test item: function3
2017-06-29 09:59:02,008 - main.py:194 - mylogger - Test item: function4
2017-06-29 09:59:02,207 - main.py:194 - mylogger - Test item: function4
2017-06-29 09:59:02,239 - main.py:194 - mylogger - Test item: function5
2017-06-29 09:59:02,609 - main.py:194 - mylogger - Test item: function5
2017-06-29 09:59:02,637 - main.py:194 - mylogger - Test item: function6
2017-06-29 09:59:02,814 - main.py:194 - mylogger - Test item: function6
2017-06-29 09:59:02,920 - main.py:194 - mylogger - Test item: function7
2017-06-29 09:59:03,118 - main.py:194 - mylogger - Test item: function7
2017-06-29 09:59:03,431 - main.py:194 - mylogger - Test item: function8
2017-06-29 09:59:03,533 - main.py:194 - mylogger - Test item: function8
2017-06-29 09:59:03,629 - main.py:194 - mylogger - Test item: function9
2017-06-29 09:59:03,668 - main.py:194 - mylogger - total time： 2.41
2017-06-29 09:59:04,028 - main.py:194 - mylogger - Test item: function9
2017-06-29 09:59:04,236 - main.py:194 - mylogger - Test item: function10
2017-06-29 09:59:04,643 - main.py:194 - mylogger - Test item: function11
2017-06-29 09:59:04,664 - main.py:194 - mylogger - total time： 3.40
2017-06-29 10:02:56,431 - login.py:30 - mylogger - Administrator login
2017-06-29 10:02:57,807 - main.py:194 - mylogger - first info message!
2017-06-29 10:02:58,031 - main.py:194 - mylogger - Test item: function1
2017-06-29 10:02:58,062 - main.py:194 - mylogger - Skip item: function2
2017-06-29 10:02:58,323 - main.py:194 - mylogger - Test item: function1
2017-06-29 10:02:58,354 - main.py:194 - mylogger - Skip item: function2
2017-06-29 10:02:58,364 - main.py:194 - mylogger - Test item: function3
2017-06-29 10:02:58,531 - main.py:194 - mylogger - Test item: function3
2017-06-29 10:02:58,637 - main.py:194 - mylogger - Test item: function4
2017-06-29 10:02:58,839 - main.py:194 - mylogger - Test item: function4
2017-06-29 10:02:58,869 - main.py:194 - mylogger - Test item: function5
2017-06-29 10:02:59,316 - main.py:194 - mylogger - Test item: function5
2017-06-29 10:02:59,322 - main.py:194 - mylogger - Test item: function6
2017-06-29 10:02:59,451 - main.py:194 - mylogger - Test item: function6
2017-06-29 10:02:59,553 - main.py:194 - mylogger - Test item: function7
2017-06-29 10:02:59,765 - main.py:194 - mylogger - Test item: function7
2017-06-29 10:03:00,065 - main.py:194 - mylogger - Test item: function8
2017-06-29 10:03:00,169 - main.py:194 - mylogger - Test item: function8
2017-06-29 10:03:00,270 - main.py:194 - mylogger - Test item: function9
2017-06-29 10:03:00,304 - main.py:194 - mylogger - total time： 2.41
2017-06-29 10:03:00,678 - main.py:194 - mylogger - Test item: function9
2017-06-29 10:03:00,889 - main.py:194 - mylogger - Test item: function10
2017-06-29 10:03:01,293 - main.py:194 - mylogger - Test item: function11
2017-06-29 10:03:01,316 - main.py:194 - mylogger - total time： 3.40
2017-06-29 10:18:13,581 - login.py:30 - mylogger - Administrator login
2017-06-29 10:18:44,900 - main.py:194 - mylogger - first info message!
2017-06-29 10:18:45,125 - main.py:194 - mylogger - Test item: function1
2017-06-29 10:18:45,159 - main.py:194 - mylogger - Skip item: function2
2017-06-29 10:18:45,417 - main.py:194 - mylogger - Test item: function1
2017-06-29 10:18:45,447 - main.py:194 - mylogger - Skip item: function2
2017-06-29 10:18:45,453 - main.py:194 - mylogger - Test item: function3
2017-06-29 10:18:45,625 - main.py:194 - mylogger - Test item: function3
2017-06-29 10:18:45,738 - main.py:194 - mylogger - Test item: function4
2017-06-29 10:18:45,932 - main.py:194 - mylogger - Test item: function4
2017-06-29 10:18:45,958 - main.py:194 - mylogger - Test item: function5
2017-06-29 10:18:46,337 - main.py:194 - mylogger - Test item: function5
2017-06-29 10:18:46,366 - main.py:194 - mylogger - Test item: function6
2017-06-29 10:18:46,546 - main.py:194 - mylogger - Test item: function6
2017-06-29 10:18:46,654 - main.py:194 - mylogger - Test item: function7
2017-06-29 10:18:46,850 - main.py:194 - mylogger - Test item: function7
2017-06-29 10:18:47,157 - main.py:194 - mylogger - Test item: function8
2017-06-29 10:18:47,255 - main.py:194 - mylogger - Test item: function8
2017-06-29 10:18:47,366 - main.py:194 - mylogger - Test item: function9
2017-06-29 10:18:47,399 - main.py:194 - mylogger - total time： 2.40
2017-06-29 10:18:47,765 - main.py:194 - mylogger - Test item: function9
2017-06-29 10:18:47,969 - main.py:194 - mylogger - Test item: function10
2017-06-29 10:18:48,377 - main.py:194 - mylogger - Test item: function11
2017-06-29 10:18:48,399 - main.py:194 - mylogger - total time： 3.41
2017-06-29 10:19:21,671 - login.py:30 - mylogger - Administrator login
2017-06-29 10:19:29,554 - main.py:194 - mylogger - first info message!
2017-06-29 10:19:29,778 - main.py:194 - mylogger - Test item: function1
2017-06-29 10:19:29,809 - main.py:194 - mylogger - Skip item: function2
2017-06-29 10:19:30,070 - main.py:194 - mylogger - Test item: function1
2017-06-29 10:19:30,102 - main.py:194 - mylogger - Skip item: function2
2017-06-29 10:19:30,108 - main.py:194 - mylogger - Test item: function3
2017-06-29 10:19:30,277 - main.py:194 - mylogger - Test item: function3
2017-06-29 10:19:30,382 - main.py:194 - mylogger - Test item: function4
2017-06-29 10:19:30,588 - main.py:194 - mylogger - Test item: function4
2017-06-29 10:19:30,617 - main.py:194 - mylogger - Test item: function5
2017-06-29 10:19:30,996 - main.py:194 - mylogger - Test item: function6
2017-06-29 10:19:30,997 - main.py:194 - mylogger - Test item: function5
2017-06-29 10:19:31,208 - main.py:194 - mylogger - Test item: function6
2017-06-29 10:19:31,309 - main.py:194 - mylogger - Test item: function7
2017-06-29 10:19:31,511 - main.py:194 - mylogger - Test item: function7
2017-06-29 10:19:31,818 - main.py:194 - mylogger - Test item: function8
2017-06-29 10:19:31,921 - main.py:194 - mylogger - Test item: function8
2017-06-29 10:19:32,030 - main.py:194 - mylogger - Test item: function9
2017-06-29 10:19:32,062 - main.py:194 - mylogger - total time： 2.41
2017-06-29 10:19:32,426 - main.py:194 - mylogger - Test item: function9
2017-06-29 10:19:32,628 - main.py:194 - mylogger - Test item: function10
2017-06-29 10:19:33,031 - main.py:194 - mylogger - Test item: function11
2017-06-29 10:19:33,055 - main.py:194 - mylogger - total time： 3.40
2017-06-29 10:21:00,332 - login.py:30 - mylogger - Administrator login
2017-06-29 10:21:01,509 - main.py:194 - mylogger - first info message!
2017-06-29 10:21:01,733 - main.py:194 - mylogger - Test item: function1
2017-06-29 10:21:01,741 - main.py:194 - mylogger - Skip item: function2
2017-06-29 10:21:02,026 - main.py:194 - mylogger - Test item: function1
2017-06-29 10:21:02,041 - main.py:194 - mylogger - Skip item: function2
2017-06-29 10:21:02,053 - main.py:194 - mylogger - Test item: function3
2017-06-29 10:21:02,234 - main.py:194 - mylogger - Test item: function3
2017-06-29 10:21:02,403 - main.py:194 - mylogger - Test item: function4
2017-06-29 10:21:02,536 - main.py:194 - mylogger - Test item: function5
2017-06-29 10:21:02,588 - main.py:194 - mylogger - Test item: function4
2017-06-29 10:21:02,951 - main.py:194 - mylogger - Test item: function5
2017-06-29 10:21:02,980 - main.py:194 - mylogger - Test item: function6
2017-06-29 10:21:03,155 - main.py:194 - mylogger - Test item: function6
2017-06-29 10:21:03,263 - main.py:194 - mylogger - Test item: function7
2017-06-29 10:21:03,458 - main.py:194 - mylogger - Test item: function7
2017-06-29 10:21:03,773 - main.py:194 - mylogger - Test item: function8
2017-06-29 10:21:03,859 - main.py:194 - mylogger - Test item: function8
2017-06-29 10:21:03,985 - main.py:194 - mylogger - Test item: function9
2017-06-29 10:21:04,017 - main.py:194 - mylogger - total time： 2.41
2017-06-29 10:21:04,383 - main.py:194 - mylogger - Test item: function9
2017-06-29 10:21:04,592 - main.py:194 - mylogger - Test item: function10
2017-06-29 10:21:04,998 - main.py:194 - mylogger - Test item: function11
2017-06-29 10:21:05,010 - main.py:194 - mylogger - total time： 3.45
2017-06-29 10:22:02,600 - login.py:30 - mylogger - Administrator login
2017-06-29 10:23:27,995 - login.py:30 - mylogger - Administrator login
2017-06-29 10:30:38,796 - login.py:30 - mylogger - Administrator login
2017-06-29 10:30:40,064 - main.py:194 - mylogger - first info message!
2017-06-29 10:30:40,289 - main.py:194 - mylogger - Test item: function1
2017-06-29 10:36:31,856 - login.py:30 - mylogger - Administrator login
2017-06-29 10:36:33,525 - main.py:194 - mylogger - first info message!
2017-06-29 10:36:33,749 - main.py:194 - mylogger - Test item: function1
2017-06-29 10:36:33,782 - main.py:194 - mylogger - Skip item: function2
2017-06-29 10:36:34,042 - main.py:194 - mylogger - Test item: function1
2017-06-29 10:36:34,053 - main.py:194 - mylogger - Skip item: function2
2017-06-29 10:36:34,060 - main.py:194 - mylogger - Test item: function3
2017-06-29 10:36:34,246 - main.py:194 - mylogger - Test item: function3
2017-06-29 10:36:34,357 - main.py:194 - mylogger - Test item: function4
2017-06-29 10:36:34,561 - main.py:194 - mylogger - Test item: function5
2017-06-29 10:36:34,597 - main.py:194 - mylogger - Test item: function4
2017-06-29 10:36:34,971 - main.py:194 - mylogger - Test item: function6
2017-06-29 10:36:35,000 - main.py:194 - mylogger - Test item: function5
2017-06-29 10:36:35,182 - main.py:194 - mylogger - Test item: function6
2017-06-29 10:36:35,282 - main.py:194 - mylogger - Test item: function7
2017-06-29 10:36:35,497 - main.py:194 - mylogger - Test item: function7
2017-06-29 10:36:35,787 - main.py:194 - mylogger - Test item: function8
2017-06-29 10:36:35,904 - main.py:194 - mylogger - Test item: function8
2017-06-29 10:36:35,995 - main.py:194 - mylogger - Test item: function9
2017-06-29 10:36:36,029 - main.py:194 - mylogger - total time： 2.41
2017-06-29 10:36:36,415 - main.py:194 - mylogger - Test item: function9
2017-06-29 10:36:36,622 - main.py:194 - mylogger - Test item: function10
2017-06-29 10:36:37,039 - main.py:194 - mylogger - Test item: function11
2017-06-29 10:36:37,061 - main.py:194 - mylogger - total time： 3.44
2017-06-29 10:37:01,355 - main.py:194 - mylogger - first info message!
2017-06-29 10:37:01,577 - main.py:194 - mylogger - Test item: function1
2017-06-29 10:37:01,608 - main.py:194 - mylogger - Skip item: function2
2017-06-29 10:37:01,875 - main.py:194 - mylogger - Test item: function1
2017-06-29 10:37:01,907 - main.py:194 - mylogger - Test item: function3
2017-06-29 10:37:02,182 - main.py:194 - mylogger - Test item: function2
2017-06-29 10:38:09,829 - login.py:30 - mylogger - Administrator login
2017-06-29 10:38:11,655 - main.py:194 - mylogger - first info message!
2017-06-29 10:38:11,879 - main.py:194 - mylogger - Test item: function1
2017-06-29 10:38:11,910 - main.py:194 - mylogger - Skip item: function2
2017-06-29 10:38:12,172 - main.py:194 - mylogger - Test item: function1
2017-06-29 10:38:12,204 - main.py:194 - mylogger - Test item: function3
2017-06-29 10:38:12,479 - main.py:194 - mylogger - Test item: function2
2017-06-29 10:41:38,440 - login.py:30 - mylogger - Administrator login
2017-06-29 10:41:39,803 - main.py:194 - mylogger - first info message!
2017-06-29 10:41:40,025 - main.py:194 - mylogger - Test item: function1
2017-06-29 10:41:40,057 - main.py:194 - mylogger - Skip item: function2
2017-06-29 10:41:40,320 - main.py:194 - mylogger - Test item: function1
2017-06-29 10:41:40,351 - main.py:194 - mylogger - Test item: function3
2017-06-29 10:41:40,629 - main.py:194 - mylogger - Test item: function2
2017-06-29 10:43:29,200 - login.py:30 - mylogger - Administrator login
2017-06-29 10:43:30,619 - main.py:194 - mylogger - first info message!
2017-06-29 10:43:30,842 - main.py:194 - mylogger - Test item: function1
2017-06-29 10:43:30,852 - main.py:194 - mylogger - Skip item: function2
2017-06-29 10:43:31,137 - main.py:194 - mylogger - Test item: function1
2017-06-29 10:43:31,169 - main.py:194 - mylogger - Test item: function3
2017-06-29 10:43:31,447 - main.py:194 - mylogger - Test item: function2
2017-06-29 10:43:31,479 - main.py:194 - mylogger - total time： 0.81
2017-06-29 10:43:31,649 - main.py:194 - mylogger - Test item: function4
2017-06-29 10:43:32,060 - main.py:194 - mylogger - Test item: function5
2017-06-29 10:43:32,269 - main.py:194 - mylogger - Test item: function6
2017-06-29 10:43:32,585 - main.py:194 - mylogger - Test item: function7
2017-06-29 10:43:32,991 - main.py:194 - mylogger - Test item: function8
2017-06-29 10:43:33,494 - main.py:194 - mylogger - Test item: function9
2017-06-29 10:43:33,704 - main.py:194 - mylogger - Test item: function10
2017-06-29 10:43:34,114 - main.py:194 - mylogger - Test item: function11
2017-06-29 10:43:34,136 - main.py:194 - mylogger - total time： 3.41
2017-06-29 10:43:41,375 - main.py:194 - mylogger - first info message!
2017-06-29 10:43:41,591 - main.py:194 - mylogger - Test item: function1
2017-06-29 10:43:41,624 - main.py:194 - mylogger - Skip item: function2
2017-06-29 10:43:41,890 - main.py:194 - mylogger - Test item: function1
2017-06-29 10:43:41,923 - main.py:194 - mylogger - Test item: function3
2017-06-29 10:43:42,198 - main.py:194 - mylogger - Test item: function2
2017-06-29 10:43:42,231 - main.py:194 - mylogger - total time： 0.80
2017-06-29 10:43:42,404 - main.py:194 - mylogger - Test item: function4
2017-06-29 10:43:42,810 - main.py:194 - mylogger - Test item: function5
2017-06-29 10:43:43,018 - main.py:194 - mylogger - Test item: function6
2017-06-29 10:43:43,328 - main.py:194 - mylogger - Test item: function7
2017-06-29 10:43:43,739 - main.py:194 - mylogger - Test item: function8
2017-06-29 10:43:44,245 - main.py:194 - mylogger - Test item: function9
2017-06-29 10:43:44,456 - main.py:194 - mylogger - Test item: function10
2017-06-29 10:43:44,862 - main.py:194 - mylogger - Test item: function11
2017-06-29 10:43:44,884 - main.py:194 - mylogger - total time： 3.41
2017-06-29 10:44:20,422 - login.py:30 - mylogger - Administrator login
2017-06-29 10:44:35,190 - main.py:194 - mylogger - first info message!
2017-06-29 10:44:35,414 - main.py:194 - mylogger - Test item: function1
2017-06-29 10:44:35,446 - main.py:194 - mylogger - Skip item: function2
2017-06-29 10:44:35,706 - main.py:194 - mylogger - Test item: function1
2017-06-29 10:44:35,736 - main.py:194 - mylogger - Test item: function3
2017-06-29 10:44:36,014 - main.py:194 - mylogger - Test item: function2
2017-06-29 10:44:36,216 - main.py:194 - mylogger - Test item: function3
2017-06-29 10:44:36,256 - main.py:194 - mylogger - Test item: function4
2017-06-29 10:44:36,319 - main.py:194 - mylogger - Test item: function4
2017-06-29 10:44:36,525 - main.py:194 - mylogger - Test item: function5
2017-06-29 10:44:36,630 - main.py:194 - mylogger - Test item: function5
2017-06-29 10:44:36,841 - main.py:194 - mylogger - Test item: function6
2017-06-29 10:44:36,932 - main.py:194 - mylogger - Test item: function6
2017-06-29 10:44:37,145 - main.py:194 - mylogger - Test item: function7
2017-06-29 10:44:37,238 - main.py:194 - mylogger - Test item: function7
2017-06-29 10:44:37,555 - main.py:194 - mylogger - Test item: function8
2017-06-29 10:44:37,750 - main.py:194 - mylogger - Test item: function8
2017-06-29 10:44:37,961 - main.py:194 - mylogger - Test item: function9
2017-06-29 10:44:37,985 - main.py:194 - mylogger - total time： 2.72
2017-06-29 10:44:38,057 - main.py:194 - mylogger - Test item: function9
2017-06-29 10:44:38,267 - main.py:194 - mylogger - Test item: function10
2017-06-29 10:44:38,675 - main.py:194 - mylogger - Test item: function11
2017-06-29 10:44:38,697 - main.py:194 - mylogger - total time： 3.41
2017-06-29 10:45:18,815 - login.py:30 - mylogger - Administrator login
2017-06-29 10:45:27,721 - main.py:194 - mylogger - first info message!
2017-06-29 10:45:27,946 - main.py:194 - mylogger - Test item: function1
2017-06-29 10:45:27,974 - main.py:194 - mylogger - Skip item: function2
2017-06-29 10:45:28,239 - main.py:194 - mylogger - Test item: function1
2017-06-29 10:45:28,274 - main.py:194 - mylogger - Test item: function3
2017-06-29 10:45:28,549 - main.py:194 - mylogger - Test item: function2
2017-06-29 10:45:28,752 - main.py:194 - mylogger - Test item: function4
2017-06-29 10:45:28,771 - main.py:194 - mylogger - Test item: function3
2017-06-29 10:45:28,862 - main.py:194 - mylogger - Test item: function4
2017-06-29 10:45:29,070 - main.py:194 - mylogger - Test item: function5
2017-06-29 10:45:29,158 - main.py:194 - mylogger - Test item: function5
2017-06-29 10:45:29,371 - main.py:194 - mylogger - Test item: function6
2017-06-29 10:45:29,482 - main.py:194 - mylogger - Test item: function6
2017-06-29 10:45:29,682 - main.py:194 - mylogger - Test item: function7
2017-06-29 10:45:29,794 - main.py:194 - mylogger - Test item: function7
2017-06-29 10:45:30,086 - main.py:194 - mylogger - Test item: function8
2017-06-29 10:45:30,302 - main.py:194 - mylogger - Test item: function8
2017-06-29 10:45:30,509 - main.py:194 - mylogger - Test item: function9
2017-06-29 10:45:30,541 - main.py:194 - mylogger - total time： 2.73
2017-06-29 10:45:30,597 - main.py:194 - mylogger - Test item: function9
2017-06-29 10:45:30,800 - main.py:194 - mylogger - Test item: function10
2017-06-29 10:45:31,208 - main.py:194 - mylogger - Test item: function11
2017-06-29 10:45:31,229 - main.py:194 - mylogger - total time： 3.41
2017-06-29 10:55:40,006 - login.py:30 - mylogger - Administrator login
2017-06-29 10:55:41,787 - main.py:193 - mylogger - first info message!
2017-06-29 10:55:42,012 - main.py:193 - mylogger - Test item: function1
2017-06-29 10:55:42,043 - main.py:193 - mylogger - Skip item: function2
2017-06-29 10:55:42,305 - main.py:193 - mylogger - Test item: function1
2017-06-29 10:55:42,337 - main.py:193 - mylogger - Test item: function3
2017-06-29 10:55:42,607 - main.py:193 - mylogger - Test item: function2
2017-06-29 10:55:42,816 - main.py:193 - mylogger - Test item: function3
2017-06-29 10:55:42,855 - main.py:193 - mylogger - Test item: function4
2017-06-29 10:55:42,920 - main.py:193 - mylogger - Test item: function4
2017-06-29 10:55:43,124 - main.py:193 - mylogger - Test item: function5
2017-06-29 10:55:43,233 - main.py:193 - mylogger - Test item: function5
2017-06-29 10:55:43,477 - main.py:193 - mylogger - Test item: function6
2017-06-29 10:55:43,529 - main.py:193 - mylogger - Test item: function6
2017-06-29 10:55:43,740 - main.py:193 - mylogger - Test item: function7
2017-06-29 10:55:43,842 - main.py:193 - mylogger - Test item: function7
2017-06-29 10:55:44,151 - main.py:193 - mylogger - Test item: function8
2017-06-29 10:55:44,347 - main.py:193 - mylogger - Test item: function8
2017-06-29 10:55:44,557 - main.py:193 - mylogger - Test item: function9
2017-06-29 10:55:44,581 - main.py:193 - mylogger - total time： 2.70
2017-06-29 10:55:44,657 - main.py:193 - mylogger - Test item: function9
2017-06-29 10:55:44,858 - main.py:193 - mylogger - Test item: function10
2017-06-29 10:55:45,262 - main.py:193 - mylogger - Test item: function11
2017-06-29 10:55:45,298 - main.py:193 - mylogger - total time： 3.42
2017-06-29 11:00:46,566 - login.py:30 - mylogger - Administrator login
2017-06-29 11:00:48,435 - main.py:193 - mylogger - first info message!
2017-06-29 11:00:48,658 - main.py:193 - mylogger - Test item: function1
2017-06-29 11:00:48,662 - main.py:193 - mylogger - Skip item: function2
2017-06-29 11:00:48,952 - main.py:193 - mylogger - Test item: function1
2017-06-29 11:00:48,983 - main.py:193 - mylogger - Test item: function3
2017-06-29 11:00:49,262 - main.py:193 - mylogger - Test item: function2
2017-06-29 11:00:49,467 - main.py:193 - mylogger - Test item: function3
2017-06-29 11:00:49,504 - main.py:193 - mylogger - Test item: function4
2017-06-29 11:00:49,579 - main.py:193 - mylogger - Test item: function4
2017-06-29 11:00:49,784 - main.py:193 - mylogger - Test item: function5
2017-06-29 11:00:49,884 - main.py:193 - mylogger - Test item: function5
2017-06-29 11:00:50,088 - main.py:193 - mylogger - Test item: function6
2017-06-29 11:00:50,197 - main.py:193 - mylogger - Test item: function6
2017-06-29 11:00:50,396 - main.py:193 - mylogger - Test item: function7
2017-06-29 11:00:50,502 - main.py:193 - mylogger - Test item: function7
2017-06-29 11:00:50,797 - main.py:193 - mylogger - Test item: function8
2017-06-29 11:00:51,005 - main.py:193 - mylogger - Test item: function8
2017-06-29 11:00:51,218 - main.py:193 - mylogger - Test item: function9
2017-06-29 11:00:51,245 - main.py:193 - mylogger - total time： 2.71
2017-06-29 11:00:51,298 - main.py:193 - mylogger - Test item: function9
2017-06-29 11:00:51,502 - main.py:193 - mylogger - Test item: function10
2017-06-29 11:00:51,907 - main.py:193 - mylogger - Test item: function11
2017-06-29 11:00:51,928 - main.py:193 - mylogger - total time： 3.41
2017-06-29 11:05:44,799 - login.py:30 - mylogger - Administrator login
2017-06-29 11:06:08,601 - login.py:30 - mylogger - Administrator login
2017-06-29 11:06:31,588 - login.py:30 - mylogger - Administrator login
2017-06-29 11:36:00,893 - login.py:30 - mylogger - Administrator login
2017-06-29 11:36:50,480 - login.py:30 - mylogger - Administrator login
2017-06-29 11:42:16,020 - main.py:193 - mylogger - first info message!
2017-06-29 11:42:16,245 - main.py:193 - mylogger - Test item: function1
2017-06-29 11:42:16,275 - main.py:193 - mylogger - Skip item: function2
2017-06-29 11:42:16,541 - main.py:193 - mylogger - Test item: function1
2017-06-29 11:42:16,574 - main.py:193 - mylogger - Test item: function3
2017-06-29 11:42:16,850 - main.py:193 - mylogger - Test item: function2
2017-06-29 11:42:17,054 - main.py:193 - mylogger - Test item: function3
2017-06-29 11:42:17,094 - main.py:193 - mylogger - Test item: function4
2017-06-29 11:42:17,166 - main.py:193 - mylogger - Test item: function4
2017-06-29 11:42:17,469 - main.py:193 - mylogger - Test item: function5
2017-06-29 11:42:23,918 - main.py:193 - mylogger - Test item: function5
2017-06-29 11:42:24,223 - main.py:193 - mylogger - Test item: function6
2017-06-29 11:42:24,319 - main.py:193 - mylogger - Test item: function6
2017-06-29 11:42:24,528 - main.py:193 - mylogger - Test item: function7
2017-06-29 11:42:24,629 - main.py:193 - mylogger - Test item: function7
2017-06-29 11:42:24,932 - main.py:193 - mylogger - Test item: function8
2017-06-29 11:42:25,135 - main.py:193 - mylogger - Test item: function8
2017-06-29 11:42:25,346 - main.py:193 - mylogger - Test item: function9
2017-06-29 11:42:25,369 - main.py:193 - mylogger - total time： 2.71
2017-06-29 11:42:25,449 - main.py:193 - mylogger - Test item: function9
2017-06-29 11:42:25,643 - main.py:193 - mylogger - Test item: function10
2017-06-29 11:42:26,047 - main.py:193 - mylogger - Test item: function11
2017-06-29 11:42:26,068 - main.py:193 - mylogger - total time： 3.43
2017-06-29 14:34:55,679 - login.py:30 - mylogger - Administrator login
2017-06-29 14:35:27,721 - login.py:30 - mylogger - Administrator login
2017-06-29 14:36:54,476 - login.py:30 - mylogger - Administrator login
2017-06-29 14:38:34,656 - login.py:30 - mylogger - Administrator login
2017-06-29 14:38:53,284 - login.py:30 - mylogger - Administrator login
2017-06-29 14:40:06,022 - login.py:30 - mylogger - Administrator login
2017-06-29 14:44:50,705 - login.py:30 - mylogger - Administrator login
2017-06-29 14:49:11,312 - login.py:30 - mylogger - Administrator login
2017-06-29 14:49:24,139 - login.py:30 - mylogger - Administrator login
2017-06-29 14:50:36,258 - login.py:30 - mylogger - Administrator login
2017-06-29 14:53:15,748 - login.py:30 - mylogger - Administrator login
2017-06-29 14:53:46,973 - login.py:30 - mylogger - Administrator login
2017-06-29 14:57:20,497 - login.py:30 - mylogger - Administrator login
2017-06-29 15:05:22,229 - login.py:30 - mylogger - Administrator login
2017-06-29 15:17:02,063 - login.py:30 - mylogger - Administrator login
2017-06-29 15:17:58,639 - login.py:30 - mylogger - Administrator login
2017-06-29 15:18:08,364 - main.py:198 - mylogger - first info message!
2017-06-29 15:18:08,597 - main.py:198 - mylogger - Test item: function1
2017-06-29 15:18:08,600 - main.py:198 - mylogger - Skip item: function2
2017-06-29 15:18:08,888 - main.py:198 - mylogger - Test item: function1
2017-06-29 15:18:08,922 - main.py:198 - mylogger - Test item: function3
2017-06-29 15:18:09,196 - main.py:198 - mylogger - Test item: function2
2017-06-29 15:18:09,398 - main.py:198 - mylogger - Test item: function3
2017-06-29 15:18:09,438 - main.py:198 - mylogger - Test item: function4
2017-06-29 15:18:09,508 - main.py:198 - mylogger - Test item: function4
2017-06-29 15:18:09,721 - main.py:198 - mylogger - Test item: function5
2017-06-29 15:18:09,809 - main.py:198 - mylogger - Test item: function5
2017-06-29 15:18:10,014 - main.py:198 - mylogger - Test item: function6
2017-06-29 15:18:10,203 - main.py:198 - mylogger - Test item: function6
2017-06-29 15:18:10,318 - main.py:198 - mylogger - Test item: function7
2017-06-29 15:18:10,426 - main.py:198 - mylogger - Test item: function7
2017-06-29 15:18:10,721 - main.py:198 - mylogger - Test item: function8
2017-06-29 15:18:10,926 - main.py:198 - mylogger - Test item: function8
2017-06-29 15:18:11,133 - main.py:198 - mylogger - Test item: function9
2017-06-29 15:18:11,165 - main.py:198 - mylogger - total time： 2.72
2017-06-29 15:18:11,239 - main.py:198 - mylogger - Test item: function9
2017-06-29 15:18:11,429 - main.py:198 - mylogger - Test item: function10
2017-06-29 15:18:11,838 - main.py:198 - mylogger - Test item: function11
2017-06-29 15:18:11,859 - main.py:198 - mylogger - total time： 3.42
2017-06-29 15:27:44,078 - login.py:30 - mylogger - Administrator login
2017-06-29 15:28:52,827 - login.py:30 - mylogger - Administrator login
2017-06-29 15:28:58,164 - main.py:198 - mylogger - first info message!
2017-06-29 15:28:58,392 - main.py:198 - mylogger - Test item: function1
2017-06-29 15:28:58,424 - main.py:198 - mylogger - Skip item: function2
2017-06-29 15:28:58,687 - main.py:198 - mylogger - Test item: function1
2017-06-29 15:28:58,718 - main.py:198 - mylogger - Test item: function3
2017-06-29 15:28:58,996 - main.py:198 - mylogger - Test item: function2
2017-06-29 15:28:59,198 - main.py:198 - mylogger - Test item: function3
2017-06-29 15:28:59,236 - main.py:198 - mylogger - Test item: function4
2017-06-29 15:28:59,303 - main.py:198 - mylogger - Test item: function4
2017-06-29 15:28:59,507 - main.py:198 - mylogger - Test item: function5
2017-06-29 15:28:59,610 - main.py:198 - mylogger - Test item: function5
2017-06-29 15:28:59,814 - main.py:198 - mylogger - Test item: function6
2017-06-29 15:28:59,917 - main.py:198 - mylogger - Test item: function6
2017-06-29 15:29:00,119 - main.py:198 - mylogger - Test item: function7
2017-06-29 15:29:00,229 - main.py:198 - mylogger - Test item: function7
2017-06-29 15:29:00,525 - main.py:198 - mylogger - Test item: function8
2017-06-29 15:29:00,741 - main.py:198 - mylogger - Test item: function8
2017-06-29 15:29:00,948 - main.py:198 - mylogger - Test item: function9
2017-06-29 15:29:00,985 - main.py:198 - mylogger - total time： 2.71
2017-06-29 15:29:01,041 - main.py:198 - mylogger - Test item: function9
2017-06-29 15:29:01,232 - main.py:198 - mylogger - Test item: function10
2017-06-29 15:29:01,635 - main.py:198 - mylogger - Test item: function11
2017-06-29 15:29:01,657 - main.py:198 - mylogger - total time： 3.42
2017-06-29 15:30:21,143 - login.py:30 - mylogger - Administrator login
2017-06-29 15:30:25,393 - main.py:198 - mylogger - first info message!
2017-06-29 15:30:25,623 - main.py:198 - mylogger - Test item: function1
2017-06-29 15:30:25,655 - main.py:198 - mylogger - Skip item: function2
2017-06-29 15:30:25,920 - main.py:198 - mylogger - Test item: function1
2017-06-29 15:30:25,959 - main.py:198 - mylogger - Test item: function3
2017-06-29 15:30:26,222 - main.py:198 - mylogger - Test item: function2
2017-06-29 15:30:26,427 - main.py:198 - mylogger - Test item: function3
2017-06-29 15:30:26,468 - main.py:198 - mylogger - Test item: function4
2017-06-29 15:30:26,531 - main.py:198 - mylogger - Test item: function4
2017-06-29 15:30:26,735 - main.py:198 - mylogger - Test item: function5
2017-06-29 15:30:26,845 - main.py:198 - mylogger - Test item: function5
2017-06-29 15:30:27,049 - main.py:198 - mylogger - Test item: function6
2017-06-29 15:30:27,140 - main.py:198 - mylogger - Test item: function6
2017-06-29 15:30:27,353 - main.py:198 - mylogger - Test item: function7
2017-06-29 15:30:27,444 - main.py:198 - mylogger - Test item: function7
2017-06-29 15:30:27,759 - main.py:198 - mylogger - Test item: function8
2017-06-29 15:30:27,948 - main.py:198 - mylogger - Test item: function8
2017-06-29 15:30:28,158 - main.py:198 - mylogger - Test item: function9
2017-06-29 15:30:28,192 - main.py:198 - mylogger - total time： 2.70
2017-06-29 15:30:28,267 - main.py:198 - mylogger - Test item: function9
2017-06-29 15:30:28,464 - main.py:198 - mylogger - Test item: function10
2017-06-29 15:30:28,875 - main.py:198 - mylogger - Test item: function11
2017-06-29 15:30:28,898 - main.py:198 - mylogger - total time： 3.42
2017-06-29 15:32:32,501 - login.py:30 - mylogger - Administrator login
2017-06-29 15:32:52,790 - main.py:198 - mylogger - first info message!
2017-06-29 15:32:53,017 - main.py:198 - mylogger - Test item: function1
2017-06-29 15:32:53,022 - main.py:198 - mylogger - Skip item: function2
2017-06-29 15:32:53,312 - main.py:198 - mylogger - Test item: function1
2017-06-29 15:32:53,343 - main.py:198 - mylogger - Test item: function3
2017-06-29 15:32:53,619 - main.py:198 - mylogger - Test item: function2
2017-06-29 15:32:53,826 - main.py:198 - mylogger - Test item: function4
2017-06-29 15:32:53,868 - main.py:198 - mylogger - Test item: function3
2017-06-29 15:32:53,944 - main.py:198 - mylogger - Test item: function4
2017-06-29 15:32:54,147 - main.py:198 - mylogger - Test item: function5
2017-06-29 15:32:54,230 - main.py:198 - mylogger - Test item: function5
2017-06-29 15:32:54,434 - main.py:198 - mylogger - Test item: function6
2017-06-29 15:32:54,552 - main.py:198 - mylogger - Test item: function6
2017-06-29 15:32:54,742 - main.py:198 - mylogger - Test item: function7
2017-06-29 15:32:54,864 - main.py:198 - mylogger - Test item: function7
2017-06-29 15:32:55,147 - main.py:198 - mylogger - Test item: function8
2017-06-29 15:32:55,377 - main.py:198 - mylogger - Test item: function8
2017-06-29 15:32:55,581 - main.py:198 - mylogger - Test item: function9
2017-06-29 15:32:55,613 - main.py:198 - mylogger - total time： 2.73
2017-06-29 15:32:55,667 - main.py:198 - mylogger - Test item: function9
2017-06-29 15:32:55,860 - main.py:198 - mylogger - Test item: function10
2017-06-29 15:32:56,267 - main.py:198 - mylogger - Test item: function11
2017-06-29 15:32:56,288 - main.py:198 - mylogger - total time： 3.42
2017-06-29 15:32:59,422 - main.py:198 - mylogger - first info message!
2017-06-29 15:32:59,643 - main.py:198 - mylogger - Test item: function1
2017-06-29 15:32:59,646 - main.py:198 - mylogger - Skip item: function2
2017-06-29 15:32:59,943 - main.py:198 - mylogger - Test item: function1
2017-06-29 15:32:59,980 - main.py:198 - mylogger - Test item: function3
2017-06-29 15:33:00,250 - main.py:198 - mylogger - Test item: function2
2017-06-29 15:33:00,449 - main.py:198 - mylogger - Test item: function4
2017-06-29 15:33:00,487 - main.py:198 - mylogger - Test item: function3
2017-06-29 15:33:00,561 - main.py:198 - mylogger - Test item: function4
2017-06-29 15:33:00,772 - main.py:198 - mylogger - Test item: function5
2017-06-29 15:33:00,852 - main.py:198 - mylogger - Test item: function5
2017-06-29 15:33:01,060 - main.py:198 - mylogger - Test item: function6
2017-06-29 15:33:01,182 - main.py:198 - mylogger - Test item: function6
2017-06-29 15:33:01,366 - main.py:198 - mylogger - Test item: function7
2017-06-29 15:33:01,488 - main.py:198 - mylogger - Test item: function7
2017-06-29 15:33:01,775 - main.py:198 - mylogger - Test item: function8
2017-06-29 15:33:01,992 - main.py:198 - mylogger - Test item: function8
2017-06-29 15:33:02,198 - main.py:198 - mylogger - Test item: function9
2017-06-29 15:33:02,228 - main.py:198 - mylogger - total time： 2.72
2017-06-29 15:33:02,279 - main.py:198 - mylogger - Test item: function9
2017-06-29 15:33:02,489 - main.py:198 - mylogger - Test item: function10
2017-06-29 15:33:02,898 - main.py:198 - mylogger - Test item: function11
2017-06-29 15:33:02,919 - main.py:198 - mylogger - first info message!
2017-06-29 15:33:02,939 - main.py:198 - mylogger - total time： 3.40
2017-06-29 15:33:03,144 - main.py:198 - mylogger - Test item: function1
2017-06-29 15:33:03,148 - main.py:198 - mylogger - Skip item: function2
2017-06-29 15:33:03,444 - main.py:198 - mylogger - Test item: function1
2017-06-29 15:33:03,475 - main.py:198 - mylogger - Test item: function3
2017-06-29 15:33:03,751 - main.py:198 - mylogger - Test item: function2
2017-06-29 15:33:03,954 - main.py:198 - mylogger - Test item: function4
2017-06-29 15:33:03,995 - main.py:198 - mylogger - Test item: function3
2017-06-29 15:33:04,071 - main.py:198 - mylogger - Test item: function4
2017-06-29 15:33:04,274 - main.py:198 - mylogger - Test item: function5
2017-06-29 15:33:04,368 - main.py:198 - mylogger - Test item: function5
2017-06-29 15:33:04,573 - main.py:198 - mylogger - Test item: function6
2017-06-29 15:33:04,677 - main.py:198 - mylogger - Test item: function6
2017-06-29 15:33:04,878 - main.py:198 - mylogger - Test item: function7
2017-06-29 15:33:04,985 - main.py:198 - mylogger - Test item: function7
2017-06-29 15:33:05,280 - main.py:198 - mylogger - Test item: function8
2017-06-29 15:33:05,496 - main.py:198 - mylogger - Test item: function8
2017-06-29 15:33:05,703 - main.py:198 - mylogger - Test item: function9
2017-06-29 15:33:05,734 - main.py:198 - mylogger - total time： 2.73
2017-06-29 15:33:05,787 - main.py:198 - mylogger - Test item: function9
2017-06-29 15:33:05,994 - main.py:198 - mylogger - Test item: function10
2017-06-29 15:33:06,401 - main.py:198 - mylogger - Test item: function11
2017-06-29 15:33:06,422 - main.py:198 - mylogger - total time： 3.41
2017-06-29 15:33:18,858 - main.py:198 - mylogger - first info message!
2017-06-29 15:33:19,083 - main.py:198 - mylogger - Test item: function1
2017-06-29 15:33:19,114 - main.py:198 - mylogger - Skip item: function2
2017-06-29 15:33:19,382 - main.py:198 - mylogger - Test item: function1
2017-06-29 15:33:19,413 - main.py:198 - mylogger - Test item: function3
2017-06-29 15:33:19,691 - main.py:198 - mylogger - Test item: function2
2017-06-29 15:33:19,892 - main.py:198 - mylogger - Test item: function3
2017-06-29 15:33:19,931 - main.py:198 - mylogger - Test item: function4
2017-06-29 15:33:20,004 - main.py:198 - mylogger - Test item: function4
2017-06-29 15:33:20,208 - main.py:198 - mylogger - Test item: function5
2017-06-29 15:33:20,300 - main.py:198 - mylogger - Test item: function5
2017-06-29 15:33:20,506 - main.py:198 - mylogger - Test item: function6
2017-06-29 15:33:20,620 - main.py:198 - mylogger - Test item: function6
2017-06-29 15:33:20,813 - main.py:198 - mylogger - Test item: function7
2017-06-29 15:33:20,932 - main.py:198 - mylogger - Test item: function7
2017-06-29 15:33:21,218 - main.py:198 - mylogger - Test item: function8
2017-06-29 15:33:21,437 - main.py:198 - mylogger - Test item: function8
2017-06-29 15:33:21,587 - main.py:198 - mylogger - first info message!
2017-06-29 15:33:21,643 - main.py:198 - mylogger - Test item: function9
2017-06-29 15:33:21,676 - main.py:198 - mylogger - total time： 2.71
2017-06-29 15:33:21,721 - main.py:198 - mylogger - Test item: function9
2017-06-29 15:33:21,926 - main.py:198 - mylogger - Test item: function10
2017-06-29 15:33:22,329 - main.py:198 - mylogger - Test item: function11
2017-06-29 15:33:22,350 - main.py:198 - mylogger - total time： 3.42
2017-06-29 15:33:35,519 - main.py:198 - mylogger - first info message!
2017-06-29 15:33:35,745 - main.py:198 - mylogger - Test item: function1
2017-06-29 15:33:35,748 - main.py:198 - mylogger - Skip item: function2
2017-06-29 15:33:36,045 - main.py:198 - mylogger - Test item: function1
2017-06-29 15:33:36,077 - main.py:198 - mylogger - Test item: function3
2017-06-29 15:33:36,351 - main.py:198 - mylogger - Test item: function2
2017-06-29 15:33:36,556 - main.py:198 - mylogger - Test item: function4
2017-06-29 15:33:36,557 - main.py:198 - mylogger - Test item: function3
2017-06-29 15:33:36,659 - main.py:198 - mylogger - Test item: function4
2017-06-29 15:33:36,865 - main.py:198 - mylogger - Test item: function5
2017-06-29 15:33:36,961 - main.py:198 - mylogger - Test item: function5
2017-06-29 15:33:37,174 - main.py:198 - mylogger - Test item: function6
2017-06-29 15:33:37,267 - main.py:198 - mylogger - Test item: function6
2017-06-29 15:33:37,476 - main.py:198 - mylogger - Test item: function7
2017-06-29 15:33:37,571 - main.py:198 - mylogger - Test item: function7
2017-06-29 15:33:37,879 - main.py:198 - mylogger - Test item: function8
2017-06-29 15:33:38,080 - main.py:198 - mylogger - Test item: function8
2017-06-29 15:33:38,282 - main.py:198 - mylogger - Test item: function9
2017-06-29 15:33:38,305 - main.py:198 - mylogger - total time： 2.73
2017-06-29 15:33:38,389 - main.py:198 - mylogger - Test item: function9
2017-06-29 15:33:38,536 - main.py:198 - mylogger - first info message!
2017-06-29 15:33:38,596 - main.py:198 - mylogger - Test item: function10
2017-06-29 15:33:38,993 - main.py:198 - mylogger - Test item: function11
2017-06-29 15:33:39,015 - main.py:198 - mylogger - total time： 3.42
2017-06-29 15:33:39,057 - main.py:198 - mylogger - Test item: function1
2017-06-29 15:33:39,354 - main.py:198 - mylogger - Test item: function2
2017-06-29 15:33:39,555 - main.py:198 - mylogger - Test item: function3
2017-06-29 15:33:39,657 - main.py:198 - mylogger - Test item: function4
2017-06-29 15:33:39,868 - main.py:198 - mylogger - Test item: function5
2017-06-29 15:33:40,283 - main.py:198 - mylogger - Test item: function6
2017-06-29 15:33:40,588 - main.py:198 - mylogger - Test item: function7
2017-06-29 15:33:41,093 - main.py:198 - mylogger - Test item: function8
2017-06-29 15:33:41,304 - main.py:198 - mylogger - Test item: function9
2017-06-29 15:33:41,333 - main.py:198 - mylogger - total time： 2.70
2017-06-29 15:45:36,587 - login.py:30 - mylogger - Administrator login
2017-06-29 15:45:37,956 - main.py:198 - mylogger - first info message!
2017-06-29 15:45:38,183 - main.py:198 - mylogger - Test item: function1
2017-06-29 15:45:38,212 - main.py:198 - mylogger - Skip item: function2
2017-06-29 15:45:38,483 - main.py:198 - mylogger - Test item: function1
2017-06-29 15:45:38,515 - main.py:198 - mylogger - Test item: function3
2017-06-29 15:45:38,789 - main.py:198 - mylogger - Test item: function2
2017-06-29 15:45:38,991 - main.py:198 - mylogger - Test item: function4
2017-06-29 15:45:39,031 - main.py:198 - mylogger - Test item: function3
2017-06-29 15:45:39,105 - main.py:198 - mylogger - Test item: function4
2017-06-29 15:45:39,315 - main.py:198 - mylogger - Test item: function5
2017-06-29 15:45:39,395 - main.py:198 - mylogger - Test item: function5
2017-06-29 15:45:39,607 - main.py:198 - mylogger - Test item: function6
2017-06-29 15:45:39,719 - main.py:198 - mylogger - Test item: function6
2017-06-29 15:45:39,916 - main.py:198 - mylogger - Test item: function7
2017-06-29 15:45:40,031 - main.py:198 - mylogger - Test item: function7
2017-06-29 15:45:40,320 - main.py:198 - mylogger - Test item: function8
2017-06-29 15:45:40,538 - main.py:198 - mylogger - Test item: function8
2017-06-29 15:45:40,739 - main.py:198 - mylogger - Test item: function9
2017-06-29 15:45:40,769 - main.py:198 - mylogger - total time： 2.72
2017-06-29 15:45:40,826 - main.py:198 - mylogger - Test item: function9
2017-06-29 15:45:41,027 - main.py:198 - mylogger - Test item: function10
2017-06-29 15:45:41,432 - main.py:198 - mylogger - Test item: function11
2017-06-29 15:45:41,453 - main.py:198 - mylogger - total time： 3.42
2017-06-29 15:47:45,456 - login.py:30 - mylogger - Administrator login
2017-06-29 15:47:46,993 - main.py:198 - mylogger - first info message!
2017-06-29 15:47:47,218 - main.py:198 - mylogger - Test item: function1
2017-06-29 15:47:47,249 - main.py:198 - mylogger - Skip item: function2
2017-06-29 15:47:47,519 - main.py:198 - mylogger - Test item: function1
2017-06-29 15:47:47,550 - main.py:198 - mylogger - Test item: function3
2017-06-29 15:47:47,825 - main.py:198 - mylogger - Test item: function2
2017-06-29 15:47:48,030 - main.py:198 - mylogger - Test item: function4
2017-06-29 15:47:48,068 - main.py:198 - mylogger - Test item: function3
2017-06-29 15:47:48,147 - main.py:198 - mylogger - Test item: function4
2017-06-29 15:47:48,360 - main.py:198 - mylogger - Test item: function5
2017-06-29 15:47:48,445 - main.py:198 - mylogger - Test item: function5
2017-06-29 15:47:48,654 - main.py:198 - mylogger - Test item: function6
2017-06-29 15:47:48,764 - main.py:198 - mylogger - Test item: function6
2017-06-29 15:47:48,965 - main.py:198 - mylogger - Test item: function7
2017-06-29 15:47:49,069 - main.py:198 - mylogger - Test item: function7
2017-06-29 15:47:49,374 - main.py:198 - mylogger - Test item: function8
2017-06-29 15:47:49,574 - main.py:198 - mylogger - Test item: function8
2017-06-29 15:47:49,777 - main.py:198 - mylogger - Test item: function9
2017-06-29 15:47:49,803 - main.py:198 - mylogger - total time： 2.72
2017-06-29 15:47:49,881 - main.py:198 - mylogger - Test item: function9
2017-06-29 15:47:50,087 - main.py:198 - mylogger - Test item: function10
2017-06-29 15:47:50,491 - main.py:198 - mylogger - Test item: function11
2017-06-29 15:47:50,512 - main.py:198 - mylogger - total time： 3.40
2017-06-29 15:48:07,702 - login.py:30 - mylogger - Administrator login
2017-06-29 15:48:09,070 - main.py:197 - mylogger - first info message!
2017-06-29 15:48:09,296 - main.py:197 - mylogger - Test item: function1
2017-06-29 15:48:09,328 - main.py:197 - mylogger - Skip item: function2
2017-06-29 15:48:09,589 - main.py:197 - mylogger - Test item: function1
2017-06-29 15:48:09,620 - main.py:197 - mylogger - Test item: function3
2017-06-29 15:48:09,893 - main.py:197 - mylogger - Test item: function2
2017-06-29 15:48:10,095 - main.py:197 - mylogger - Test item: function3
2017-06-29 15:48:10,135 - main.py:197 - mylogger - Test item: function4
2017-06-29 15:48:10,200 - main.py:197 - mylogger - Test item: function4
2017-06-29 15:48:10,410 - main.py:197 - mylogger - Test item: function5
2017-06-29 15:48:10,512 - main.py:197 - mylogger - Test item: function5
2017-06-29 15:48:10,723 - main.py:197 - mylogger - Test item: function6
2017-06-29 15:48:10,812 - main.py:197 - mylogger - Test item: function6
2017-06-29 15:48:11,027 - main.py:197 - mylogger - Test item: function7
2017-06-29 15:48:11,114 - main.py:197 - mylogger - Test item: function7
2017-06-29 15:48:11,436 - main.py:197 - mylogger - Test item: function8
2017-06-29 15:48:11,620 - main.py:197 - mylogger - Test item: function8
2017-06-29 15:48:11,827 - main.py:197 - mylogger - Test item: function9
2017-06-29 15:48:11,851 - main.py:197 - mylogger - total time： 2.71
2017-06-29 15:48:11,937 - main.py:197 - mylogger - Test item: function9
2017-06-29 15:48:12,142 - main.py:197 - mylogger - Test item: function10
2017-06-29 15:48:12,544 - main.py:197 - mylogger - Test item: function11
2017-06-29 15:48:12,565 - main.py:197 - mylogger - total time： 3.41
2017-06-29 15:48:32,052 - login.py:30 - mylogger - Administrator login
2017-06-29 15:48:40,049 - login.py:30 - mylogger - Administrator login
2017-06-29 15:48:42,116 - main.py:196 - mylogger - first info message!
2017-06-29 15:48:42,342 - main.py:196 - mylogger - Test item: function1
2017-06-29 15:48:42,345 - main.py:196 - mylogger - Skip item: function2
2017-06-29 15:48:42,636 - main.py:196 - mylogger - Test item: function1
2017-06-29 15:48:42,668 - main.py:196 - mylogger - Test item: function3
2017-06-29 15:48:42,940 - main.py:196 - mylogger - Test item: function2
2017-06-29 15:48:43,149 - main.py:196 - mylogger - Test item: function4
2017-06-29 15:48:43,189 - main.py:196 - mylogger - Test item: function3
2017-06-29 15:48:43,268 - main.py:196 - mylogger - Test item: function4
2017-06-29 15:48:43,469 - main.py:196 - mylogger - Test item: function5
2017-06-29 15:48:43,552 - main.py:196 - mylogger - Test item: function5
2017-06-29 15:48:43,764 - main.py:196 - mylogger - Test item: function6
2017-06-29 15:48:43,873 - main.py:196 - mylogger - Test item: function6
2017-06-29 15:48:44,076 - main.py:196 - mylogger - Test item: function7
2017-06-29 15:48:44,177 - main.py:196 - mylogger - Test item: function7
2017-06-29 15:48:44,484 - main.py:196 - mylogger - Test item: function8
2017-06-29 15:48:44,680 - main.py:196 - mylogger - Test item: function8
2017-06-29 15:48:44,890 - main.py:196 - mylogger - Test item: function9
2017-06-29 15:48:44,913 - main.py:196 - mylogger - total time： 2.72
2017-06-29 15:48:44,993 - main.py:196 - mylogger - Test item: function9
2017-06-29 15:48:45,192 - main.py:196 - mylogger - Test item: function10
2017-06-29 15:48:45,602 - main.py:196 - mylogger - Test item: function11
2017-06-29 15:48:45,623 - main.py:196 - mylogger - total time： 3.43
2017-06-29 15:48:46,302 - main.py:196 - mylogger - first info message!
2017-06-29 15:48:46,525 - main.py:196 - mylogger - Test item: function1
2017-06-29 15:48:46,530 - main.py:196 - mylogger - Skip item: function2
2017-06-29 15:48:46,822 - main.py:196 - mylogger - Test item: function1
2017-06-29 15:48:46,851 - main.py:196 - mylogger - Test item: function3
2017-06-29 15:48:47,128 - main.py:196 - mylogger - Test item: function2
2017-06-29 15:48:47,333 - main.py:196 - mylogger - Test item: function4
2017-06-29 15:48:47,373 - main.py:196 - mylogger - Test item: function3
2017-06-29 15:48:47,448 - main.py:196 - mylogger - Test item: function4
2017-06-29 15:48:47,656 - main.py:196 - mylogger - Test item: function5
2017-06-29 15:48:47,744 - main.py:196 - mylogger - Test item: function5
2017-06-29 15:48:47,948 - main.py:196 - mylogger - Test item: function6
2017-06-29 15:48:48,060 - main.py:196 - mylogger - Test item: function6
2017-06-29 15:48:48,252 - main.py:196 - mylogger - Test item: function7
2017-06-29 15:48:48,364 - main.py:196 - mylogger - Test item: function7
2017-06-29 15:48:48,660 - main.py:196 - mylogger - Test item: function8
2017-06-29 15:48:48,874 - main.py:196 - mylogger - Test item: function8
2017-06-29 15:48:49,080 - main.py:196 - mylogger - Test item: function9
2017-06-29 15:48:49,114 - main.py:196 - mylogger - total time： 2.72
2017-06-29 15:48:49,170 - main.py:196 - mylogger - Test item: function9
2017-06-29 15:48:49,374 - main.py:196 - mylogger - Test item: function10
2017-06-29 15:48:49,779 - main.py:196 - mylogger - Test item: function11
2017-06-29 15:48:49,801 - main.py:196 - mylogger - total time： 3.40
2017-06-29 15:59:34,898 - login.py:30 - mylogger - Administrator login
2017-06-29 16:00:28,341 - login.py:30 - mylogger - Administrator login
2017-06-29 16:00:30,624 - main.py:192 - mylogger - first info message!
2017-06-29 16:00:30,847 - main.py:192 - mylogger - Test item: function1
2017-06-29 16:00:30,851 - main.py:192 - mylogger - Skip item: function2
2017-06-29 16:00:31,140 - main.py:192 - mylogger - Test item: function1
2017-06-29 16:00:31,171 - main.py:192 - mylogger - Test item: function3
2017-06-29 16:00:31,443 - main.py:192 - mylogger - Test item: function2
2017-06-29 16:00:31,646 - main.py:192 - mylogger - Test item: function3
2017-06-29 16:00:31,683 - main.py:192 - mylogger - Test item: function4
2017-06-29 16:00:31,757 - main.py:192 - mylogger - Test item: function4
2017-06-29 16:00:31,962 - main.py:192 - mylogger - Test item: function5
2017-06-29 16:00:32,057 - main.py:192 - mylogger - Test item: function5
2017-06-29 16:00:32,267 - main.py:192 - mylogger - Test item: function6
2017-06-29 16:00:32,362 - main.py:192 - mylogger - Test item: function6
2017-06-29 16:00:32,568 - main.py:192 - mylogger - Test item: function7
2017-06-29 16:00:32,674 - main.py:192 - mylogger - Test item: function7
2017-06-29 16:00:32,974 - main.py:192 - mylogger - Test item: function8
2017-06-29 16:00:33,177 - main.py:192 - mylogger - Test item: function8
2017-06-29 16:00:33,380 - main.py:192 - mylogger - Test item: function9
2017-06-29 16:00:33,415 - main.py:192 - mylogger - total time： 2.71
2017-06-29 16:00:33,480 - main.py:192 - mylogger - Test item: function9
2017-06-29 16:00:33,682 - main.py:192 - mylogger - Test item: function10
2017-06-29 16:00:34,083 - main.py:192 - mylogger - Test item: function11
2017-06-29 16:00:34,105 - main.py:192 - mylogger - total time： 3.42
2017-06-29 16:03:39,820 - main.py:192 - mylogger - first info message!
2017-06-29 16:03:40,047 - main.py:192 - mylogger - Test item: function1
2017-06-29 16:03:40,050 - main.py:192 - mylogger - Skip item: function2
2017-06-29 16:03:40,341 - main.py:192 - mylogger - Test item: function1
2017-06-29 16:03:40,353 - main.py:192 - mylogger - Test item: function3
2017-06-29 16:03:40,645 - main.py:192 - mylogger - Test item: function2
2017-06-29 16:03:40,846 - main.py:192 - mylogger - Test item: function3
2017-06-29 16:03:40,868 - main.py:192 - mylogger - Test item: function4
2017-06-29 16:03:40,955 - main.py:192 - mylogger - Test item: function4
2017-06-29 16:03:41,166 - main.py:192 - mylogger - Test item: function5
2017-06-29 16:03:41,265 - main.py:192 - mylogger - Test item: function5
2017-06-29 16:03:41,475 - main.py:192 - mylogger - Test item: function6
2017-06-29 16:03:41,572 - main.py:192 - mylogger - Test item: function6
2017-06-29 16:03:41,777 - main.py:192 - mylogger - Test item: function7
2017-06-29 16:03:41,873 - main.py:192 - mylogger - Test item: function7
2017-06-29 16:03:42,180 - main.py:192 - mylogger - Test item: function8
2017-06-29 16:03:42,376 - main.py:192 - mylogger - Test item: function8
2017-06-29 16:03:42,587 - main.py:192 - mylogger - Test item: function9
2017-06-29 16:03:42,599 - main.py:192 - mylogger - total time： 2.72
2017-06-29 16:03:42,687 - main.py:192 - mylogger - Test item: function9
2017-06-29 16:03:42,891 - main.py:192 - mylogger - Test item: function10
2017-06-29 16:03:43,298 - main.py:192 - mylogger - Test item: function11
2017-06-29 16:03:43,309 - main.py:192 - mylogger - total time： 3.43
2017-06-29 16:03:45,515 - main.py:192 - mylogger - first info message!
2017-06-29 16:03:45,734 - main.py:192 - mylogger - Test item: function1
2017-06-29 16:03:45,738 - main.py:192 - mylogger - Skip item: function2
2017-06-29 16:03:46,028 - main.py:192 - mylogger - Test item: function1
2017-06-29 16:03:46,040 - main.py:192 - mylogger - Test item: function3
2017-06-29 16:03:46,332 - main.py:192 - mylogger - Test item: function2
2017-06-29 16:03:46,533 - main.py:192 - mylogger - Test item: function3
2017-06-29 16:03:46,557 - main.py:192 - mylogger - Test item: function4
2017-06-29 16:03:46,641 - main.py:192 - mylogger - Test item: function4
2017-06-29 16:03:46,849 - main.py:192 - mylogger - Test item: function5
2017-06-29 16:03:46,946 - main.py:192 - mylogger - Test item: function5
2017-06-29 16:03:47,151 - main.py:192 - mylogger - Test item: function6
2017-06-29 16:03:47,259 - main.py:192 - mylogger - Test item: function6
2017-06-29 16:03:47,452 - main.py:192 - mylogger - Test item: function7
2017-06-29 16:03:47,564 - main.py:192 - mylogger - Test item: function7
2017-06-29 16:03:47,858 - main.py:192 - mylogger - Test item: function8
2017-06-29 16:03:48,068 - main.py:192 - mylogger - Test item: function8
2017-06-29 16:03:48,271 - main.py:192 - mylogger - Test item: function9
2017-06-29 16:03:48,289 - main.py:192 - mylogger - total time： 2.71
2017-06-29 16:03:48,364 - main.py:192 - mylogger - Test item: function9
2017-06-29 16:03:48,569 - main.py:192 - mylogger - Test item: function10
2017-06-29 16:03:48,974 - main.py:192 - mylogger - Test item: function11
2017-06-29 16:03:48,985 - main.py:192 - mylogger - total time： 3.42
2017-06-29 16:03:51,277 - main.py:192 - mylogger - first info message!
2017-06-29 16:03:51,497 - main.py:192 - mylogger - Test item: function1
2017-06-29 16:03:51,501 - main.py:192 - mylogger - Skip item: function2
2017-06-29 16:03:51,792 - main.py:192 - mylogger - Test item: function1
2017-06-29 16:03:51,805 - main.py:192 - mylogger - Test item: function3
2017-06-29 16:03:52,097 - main.py:192 - mylogger - Test item: function2
2017-06-29 16:03:52,302 - main.py:192 - mylogger - Test item: function3
2017-06-29 16:03:52,326 - main.py:192 - mylogger - Test item: function4
2017-06-29 16:03:52,405 - main.py:192 - mylogger - Test item: function4
2017-06-29 16:03:52,609 - main.py:192 - mylogger - Test item: function5
2017-06-29 16:03:52,715 - main.py:192 - mylogger - Test item: function5
2017-06-29 16:03:52,924 - main.py:192 - mylogger - Test item: function6
2017-06-29 16:03:53,020 - main.py:192 - mylogger - Test item: function6
2017-06-29 16:03:53,228 - main.py:192 - mylogger - Test item: function7
2017-06-29 16:03:53,325 - main.py:192 - mylogger - Test item: function7
2017-06-29 16:03:53,630 - main.py:192 - mylogger - Test item: function8
2017-06-29 16:03:53,835 - main.py:192 - mylogger - Test item: function8
2017-06-29 16:03:54,042 - main.py:192 - mylogger - Test item: function9
2017-06-29 16:03:54,054 - main.py:192 - mylogger - total time： 2.72
2017-06-29 16:03:54,140 - main.py:192 - mylogger - Test item: function9
2017-06-29 16:03:54,351 - main.py:192 - mylogger - Test item: function10
2017-06-29 16:03:54,753 - main.py:192 - mylogger - Test item: function11
2017-06-29 16:03:54,764 - main.py:192 - mylogger - total time： 3.43
2017-06-29 16:03:59,556 - main.py:192 - mylogger - first info message!
2017-06-29 16:03:59,777 - main.py:192 - mylogger - Test item: function1
2017-06-29 16:03:59,782 - main.py:192 - mylogger - Skip item: function2
2017-06-29 16:04:00,074 - main.py:192 - mylogger - Test item: function1
2017-06-29 16:04:00,083 - main.py:192 - mylogger - Test item: function3
2017-06-29 16:04:00,377 - main.py:192 - mylogger - Test item: function2
2017-06-29 16:04:00,580 - main.py:192 - mylogger - Test item: function3
2017-06-29 16:04:00,605 - main.py:192 - mylogger - Test item: function4
2017-06-29 16:04:00,685 - main.py:192 - mylogger - Test item: function4
2017-06-29 16:04:00,889 - main.py:192 - mylogger - Test item: function5
2017-06-29 16:04:00,994 - main.py:192 - mylogger - Test item: function5
2017-06-29 16:04:01,204 - main.py:192 - mylogger - Test item: function6
2017-06-29 16:04:01,290 - main.py:192 - mylogger - Test item: function6
2017-06-29 16:04:01,506 - main.py:192 - mylogger - Test item: function7
2017-06-29 16:04:01,593 - main.py:192 - mylogger - Test item: function7
2017-06-29 16:04:01,914 - main.py:192 - mylogger - Test item: function8
2017-06-29 16:04:02,094 - main.py:192 - mylogger - Test item: function8
2017-06-29 16:04:02,303 - main.py:192 - mylogger - Test item: function9
2017-06-29 16:04:02,315 - main.py:192 - mylogger - total time： 2.70
2017-06-29 16:04:02,415 - main.py:192 - mylogger - Test item: function9
2017-06-29 16:04:02,617 - main.py:192 - mylogger - Test item: function10
2017-06-29 16:04:03,019 - main.py:192 - mylogger - Test item: function11
2017-06-29 16:04:03,030 - main.py:192 - mylogger - total time： 3.41
2017-06-29 16:14:42,870 - login.py:30 - mylogger - Administrator login
2017-06-29 17:40:43,922 - login.py:30 - mylogger - Administrator login
2017-06-29 17:41:13,934 - login.py:38 - mylogger - Operator 123 login
2017-06-29 17:41:30,111 - login.py:44 - mylogger - error password
2017-06-29 17:41:33,163 - login.py:38 - mylogger - Operator 123456 login
2017-06-29 17:43:53,050 - login.py:30 - mylogger - Administrator login
2017-06-29 17:56:42,946 - login.py:30 - mylogger - Administrator login
2017-06-29 17:57:03,434 - login.py:30 - mylogger - Administrator login
2017-06-29 18:01:00,858 - login.py:30 - mylogger - Administrator login
2017-06-29 18:01:52,130 - login.py:30 - mylogger - Administrator login
