2017-07-03 09:26:13,076 - login.py:31 - mylogger - Administrator login
2017-07-03 09:26:35,691 - login.py:31 - mylogger - Administrator login
2017-07-03 09:27:59,119 - login.py:31 - mylogger - Administrator login
2017-07-03 09:28:53,862 - login.py:31 - mylogger - Administrator login
2017-07-03 09:34:25,186 - login.py:31 - mylogger - Administrator login
2017-07-03 09:38:17,403 - login.py:31 - mylogger - Administrator login
2017-07-03 09:38:33,300 - login.py:31 - mylogger - Administrator login
2017-07-03 09:38:54,498 - login.py:31 - mylogger - Administrator login
2017-07-03 09:44:27,979 - login.py:31 - mylogger - Administrator login
2017-07-03 09:44:48,776 - login.py:31 - mylogger - Administrator login
2017-07-03 10:06:01,671 - login.py:31 - mylogger - Administrator login
2017-07-03 10:11:38,021 - login.py:31 - mylogger - Administrator login
2017-07-03 10:13:02,006 - login.py:31 - mylogger - Administrator login
2017-07-03 10:17:37,156 - login.py:31 - mylogger - Administrator login
2017-07-03 10:17:54,382 - login.py:31 - mylogger - Administrator login
2017-07-03 10:20:16,573 - login.py:31 - mylogger - Administrator login
2017-07-03 10:20:56,330 - login.py:31 - mylogger - Administrator login
2017-07-03 10:23:56,873 - login.py:31 - mylogger - Administrator login
2017-07-03 10:24:23,459 - login.py:31 - mylogger - Administrator login
2017-07-03 10:26:17,310 - login.py:31 - mylogger - Administrator login
2017-07-03 10:26:23,952 - login.py:31 - mylogger - Administrator login
2017-07-03 10:26:56,765 - login.py:31 - mylogger - Administrator login
2017-07-03 10:27:04,248 - login.py:31 - mylogger - Administrator login
2017-07-03 10:27:16,745 - login.py:31 - mylogger - Administrator login
2017-07-03 10:27:48,167 - login.py:31 - mylogger - Administrator login
2017-07-03 10:30:46,953 - login.py:31 - mylogger - Administrator login
2017-07-03 10:30:56,046 - login.py:31 - mylogger - Administrator login
2017-07-03 10:33:31,623 - login.py:31 - mylogger - Administrator login
2017-07-03 10:33:46,412 - login.py:31 - mylogger - Administrator login
2017-07-03 10:35:06,956 - login.py:31 - mylogger - Administrator login
2017-07-03 10:35:26,252 - login.py:31 - mylogger - Administrator login
2017-07-03 10:42:32,664 - login.py:31 - mylogger - Administrator login
2017-07-03 10:43:46,090 - login.py:31 - mylogger - Administrator login
2017-07-03 10:45:26,409 - login.py:31 - mylogger - Administrator login
2017-07-03 10:45:48,348 - login.py:31 - mylogger - Administrator login
2017-07-03 10:47:28,473 - login.py:31 - mylogger - Administrator login
2017-07-03 10:47:38,383 - login.py:31 - mylogger - Administrator login
2017-07-03 10:47:48,522 - login.py:31 - mylogger - Administrator login
2017-07-03 10:48:08,278 - login.py:31 - mylogger - Administrator login
2017-07-03 10:48:57,414 - login.py:31 - mylogger - Administrator login
2017-07-03 10:50:25,937 - login.py:31 - mylogger - Administrator login
2017-07-03 10:53:56,162 - login.py:31 - mylogger - Administrator login
2017-07-03 10:54:39,066 - login.py:31 - mylogger - Administrator login
2017-07-03 10:54:55,607 - login.py:31 - mylogger - Administrator login
2017-07-03 10:55:07,355 - login.py:31 - mylogger - Administrator login
2017-07-03 10:55:47,272 - login.py:31 - mylogger - Administrator login
2017-07-03 10:56:16,242 - login.py:31 - mylogger - Administrator login
2017-07-03 11:01:12,408 - login.py:31 - mylogger - Administrator login
2017-07-03 11:03:24,216 - login.py:31 - mylogger - Administrator login
2017-07-03 11:05:35,379 - login.py:31 - mylogger - Administrator login
2017-07-03 11:05:44,103 - login.py:31 - mylogger - Administrator login
2017-07-03 11:06:01,846 - login.py:31 - mylogger - Administrator login
2017-07-03 11:07:17,761 - login.py:31 - mylogger - Administrator login
2017-07-03 11:07:26,395 - main.py:198 - mylogger - first info message!
2017-07-03 11:07:26,915 - main.py:198 - mylogger - Test item: function1
2017-07-03 11:07:27,221 - main.py:198 - mylogger - Test item: function2
2017-07-03 11:07:27,425 - main.py:198 - mylogger - Test item: function3
2017-07-03 11:07:27,537 - main.py:198 - mylogger - Test item: function4
2017-07-03 11:07:27,743 - main.py:198 - mylogger - Test item: function5
2017-07-03 11:07:28,146 - main.py:198 - mylogger - Test item: function6
2017-07-03 11:07:28,448 - main.py:198 - mylogger - Test item: function7
2017-07-03 11:07:28,951 - main.py:198 - mylogger - Test item: function8
2017-07-03 11:07:29,156 - main.py:198 - mylogger - Test item: function9
2017-07-03 11:07:29,190 - main.py:198 - mylogger - total time： 2.71
2017-07-03 11:10:41,452 - login.py:31 - mylogger - Administrator login
2017-07-03 11:11:09,217 - login.py:31 - mylogger - Administrator login
2017-07-03 11:14:18,004 - login.py:31 - mylogger - Administrator login
2017-07-03 11:15:32,797 - login.py:31 - mylogger - Administrator login
2017-07-03 11:16:01,561 - login.py:31 - mylogger - Administrator login
2017-07-03 11:18:24,268 - login.py:31 - mylogger - Administrator login
2017-07-03 11:23:28,460 - login.py:31 - mylogger - Administrator login
2017-07-03 11:23:47,402 - login.py:31 - mylogger - Administrator login
2017-07-03 11:24:12,029 - login.py:31 - mylogger - Administrator login
2017-07-03 11:28:38,716 - login.py:31 - mylogger - Administrator login
2017-07-03 11:30:07,676 - login.py:31 - mylogger - Administrator login
2017-07-03 11:30:45,332 - login.py:31 - mylogger - Administrator login
2017-07-03 11:30:53,755 - login.py:31 - mylogger - Administrator login
2017-07-03 11:31:02,184 - login.py:31 - mylogger - Administrator login
2017-07-03 11:31:54,609 - login.py:31 - mylogger - Administrator login
2017-07-03 11:36:32,418 - login.py:31 - mylogger - Administrator login
2017-07-03 11:36:41,606 - login.py:31 - mylogger - Administrator login
2017-07-03 11:37:33,092 - login.py:31 - mylogger - Administrator login
2017-07-03 11:40:40,272 - login.py:31 - mylogger - Administrator login
2017-07-03 11:45:12,145 - login.py:31 - mylogger - Administrator login
2017-07-03 11:45:29,331 - login.py:31 - mylogger - Administrator login
2017-07-03 11:45:38,575 - login.py:31 - mylogger - Administrator login
2017-07-03 11:45:57,910 - login.py:31 - mylogger - Administrator login
2017-07-03 11:46:08,946 - login.py:31 - mylogger - Administrator login
2017-07-03 11:47:00,181 - login.py:31 - mylogger - Administrator login
2017-07-03 11:47:39,131 - login.py:31 - mylogger - Administrator login
2017-07-03 11:47:49,889 - login.py:31 - mylogger - Administrator login
2017-07-03 11:47:51,671 - main.py:198 - mylogger - first info message!
2017-07-03 11:47:52,189 - main.py:198 - mylogger - Test item: function1
2017-07-03 11:47:52,498 - main.py:198 - mylogger - Test item: function2
2017-07-03 11:47:52,702 - main.py:198 - mylogger - Test item: function3
2017-07-03 11:47:52,811 - main.py:198 - mylogger - Test item: function4
2017-07-03 11:47:53,017 - main.py:198 - mylogger - Test item: function5
2017-07-03 11:47:53,422 - main.py:198 - mylogger - Test item: function6
2017-07-03 11:47:53,732 - main.py:198 - mylogger - Test item: function7
2017-07-03 11:47:54,242 - main.py:198 - mylogger - Test item: function8
2017-07-03 11:47:54,452 - main.py:198 - mylogger - Test item: function9
2017-07-03 11:47:54,485 - main.py:198 - mylogger - total time： 2.71
2017-07-03 11:48:11,449 - login.py:31 - mylogger - Administrator login
2017-07-03 11:48:34,390 - login.py:31 - mylogger - Administrator login
2017-07-03 11:48:43,620 - login.py:31 - mylogger - Administrator login
2017-07-03 11:49:45,147 - login.py:31 - mylogger - Administrator login
2017-07-03 11:50:12,612 - login.py:31 - mylogger - Administrator login
2017-07-03 11:50:48,026 - login.py:31 - mylogger - Administrator login
2017-07-03 11:50:54,202 - main.py:198 - mylogger - first info message!
2017-07-03 11:50:54,432 - main.py:198 - mylogger - Test item: function1
2017-07-03 11:50:54,466 - main.py:198 - mylogger - Skip item: function2
2017-07-03 11:50:54,722 - main.py:198 - mylogger - Test item: function1
2017-07-03 11:50:54,752 - main.py:198 - mylogger - Test item: function3
2017-07-03 11:50:55,026 - main.py:198 - mylogger - Test item: function2
2017-07-03 11:50:55,235 - main.py:198 - mylogger - Test item: function3
2017-07-03 11:50:55,274 - main.py:198 - mylogger - Test item: function4
2017-07-03 11:50:55,339 - main.py:198 - mylogger - Test item: function4
2017-07-03 11:50:55,541 - main.py:198 - mylogger - Test item: function5
2017-07-03 11:50:55,654 - main.py:198 - mylogger - Test item: function5
2017-07-03 11:50:55,856 - main.py:198 - mylogger - Test item: function6
2017-07-03 11:50:55,946 - main.py:198 - mylogger - Test item: function6
2017-07-03 11:50:56,160 - main.py:198 - mylogger - Test item: function7
2017-07-03 11:50:56,251 - main.py:198 - mylogger - Test item: function7
2017-07-03 11:50:56,564 - main.py:198 - mylogger - Test item: function8
2017-07-03 11:50:56,763 - main.py:198 - mylogger - Test item: function8
2017-07-03 11:50:56,967 - main.py:198 - mylogger - Test item: function9
2017-07-03 11:50:56,989 - main.py:198 - mylogger - total time： 2.71
2017-07-03 11:50:57,090 - main.py:198 - mylogger - Test item: function9
2017-07-03 11:50:57,279 - main.py:198 - mylogger - Test item: function10
2017-07-03 11:50:57,683 - main.py:198 - mylogger - Test item: function11
2017-07-03 11:50:57,703 - main.py:198 - mylogger - total time： 3.42
2017-07-03 11:51:13,283 - login.py:31 - mylogger - Administrator login
2017-07-03 11:51:27,266 - login.py:31 - mylogger - Administrator login
2017-07-03 11:52:02,177 - login.py:31 - mylogger - Administrator login
2017-07-03 11:52:23,214 - login.py:31 - mylogger - Administrator login
2017-07-03 11:54:11,239 - login.py:31 - mylogger - Administrator login
2017-07-03 11:54:25,181 - login.py:31 - mylogger - Administrator login
2017-07-03 11:54:33,655 - login.py:31 - mylogger - Administrator login
2017-07-03 11:54:41,855 - login.py:31 - mylogger - Administrator login
2017-07-03 11:55:05,117 - login.py:31 - mylogger - Administrator login
2017-07-03 12:04:05,482 - login.py:31 - mylogger - Administrator login
2017-07-03 12:05:14,968 - login.py:31 - mylogger - Administrator login
2017-07-03 12:05:33,102 - login.py:31 - mylogger - Administrator login
2017-07-03 12:05:49,535 - login.py:31 - mylogger - Administrator login
2017-07-03 12:06:02,525 - login.py:31 - mylogger - Administrator login
2017-07-03 12:06:22,613 - login.py:31 - mylogger - Administrator login
2017-07-03 12:07:18,665 - login.py:31 - mylogger - Administrator login
2017-07-03 12:08:09,874 - login.py:31 - mylogger - Administrator login
2017-07-03 12:09:39,840 - login.py:31 - mylogger - Administrator login
2017-07-03 12:10:25,889 - login.py:31 - mylogger - Administrator login
2017-07-03 12:11:10,345 - login.py:31 - mylogger - Administrator login
2017-07-03 12:11:40,553 - login.py:31 - mylogger - Administrator login
2017-07-03 12:11:44,882 - main.py:198 - mylogger - first info message!
2017-07-03 12:11:45,126 - main.py:198 - mylogger - Test item: function1
2017-07-03 12:11:45,158 - main.py:198 - mylogger - Skip item: function2
2017-07-03 12:11:45,409 - main.py:198 - mylogger - Test item: function1
2017-07-03 12:11:45,445 - main.py:198 - mylogger - Test item: function3
2017-07-03 12:11:45,711 - main.py:198 - mylogger - Test item: function2
2017-07-03 12:11:45,921 - main.py:198 - mylogger - Test item: function3
2017-07-03 12:11:45,969 - main.py:198 - mylogger - Test item: function4
2017-07-03 12:11:46,029 - main.py:198 - mylogger - Test item: function4
2017-07-03 12:11:46,229 - main.py:198 - mylogger - Test item: function5
2017-07-03 12:11:46,351 - main.py:198 - mylogger - Test item: function5
2017-07-03 12:11:46,544 - main.py:198 - mylogger - Test item: function6
2017-07-03 12:11:46,640 - main.py:198 - mylogger - Test item: function6
2017-07-03 12:11:46,848 - main.py:198 - mylogger - Test item: function7
2017-07-03 12:11:46,943 - main.py:198 - mylogger - Test item: function7
2017-07-03 12:11:47,253 - main.py:198 - mylogger - Test item: function8
2017-07-03 12:11:47,452 - main.py:198 - mylogger - Test item: function8
2017-07-03 12:11:47,650 - main.py:198 - mylogger - Test item: function9
2017-07-03 12:11:47,686 - main.py:198 - mylogger - total time： 2.71
2017-07-03 12:11:47,804 - main.py:198 - mylogger - Test item: function9
2017-07-03 12:11:47,963 - main.py:198 - mylogger - Test item: function10
2017-07-03 12:11:48,369 - main.py:198 - mylogger - Test item: function11
2017-07-03 12:11:48,404 - main.py:198 - mylogger - total time： 3.42
2017-07-03 12:12:11,813 - login.py:31 - mylogger - Administrator login
2017-07-03 12:12:24,431 - login.py:31 - mylogger - Administrator login
2017-07-03 12:12:35,276 - login.py:31 - mylogger - Administrator login
2017-07-03 12:12:48,218 - login.py:31 - mylogger - Administrator login
2017-07-03 12:13:17,214 - login.py:31 - mylogger - Administrator login
2017-07-03 12:18:00,945 - login.py:31 - mylogger - Administrator login
2017-07-03 12:18:08,415 - login.py:31 - mylogger - Administrator login
2017-07-03 12:18:14,927 - login.py:31 - mylogger - Administrator login
2017-07-03 12:19:12,196 - login.py:31 - mylogger - Administrator login
2017-07-03 12:19:20,280 - login.py:31 - mylogger - Administrator login
2017-07-03 12:19:45,364 - login.py:31 - mylogger - Administrator login
2017-07-03 12:20:31,556 - login.py:31 - mylogger - Administrator login
2017-07-03 12:21:28,923 - login.py:31 - mylogger - Administrator login
2017-07-03 12:22:00,469 - login.py:31 - mylogger - Administrator login
2017-07-03 12:22:51,731 - login.py:31 - mylogger - Administrator login
2017-07-03 12:22:53,428 - main.py:198 - mylogger - first info message!
2017-07-03 12:22:53,667 - main.py:198 - mylogger - Test item: function1
2017-07-03 12:22:53,701 - main.py:198 - mylogger - Skip item: function2
2017-07-03 12:22:53,957 - main.py:198 - mylogger - Test item: function1
2017-07-03 12:22:53,990 - main.py:198 - mylogger - Test item: function3
2017-07-03 12:22:54,259 - main.py:198 - mylogger - Test item: function2
2017-07-03 12:22:54,468 - main.py:198 - mylogger - Test item: function3
2017-07-03 12:22:54,513 - main.py:198 - mylogger - Test item: function4
2017-07-03 12:22:54,573 - main.py:198 - mylogger - Test item: function4
2017-07-03 12:22:54,778 - main.py:198 - mylogger - Test item: function5
2017-07-03 12:22:54,887 - main.py:198 - mylogger - Test item: function5
2017-07-03 12:22:55,091 - main.py:198 - mylogger - Test item: function6
2017-07-03 12:22:55,182 - main.py:198 - mylogger - Test item: function6
2017-07-03 12:22:55,404 - main.py:198 - mylogger - Test item: function7
2017-07-03 12:22:55,493 - main.py:198 - mylogger - Test item: function7
2017-07-03 12:22:55,806 - main.py:198 - mylogger - Test item: function8
2017-07-03 12:22:56,005 - main.py:198 - mylogger - Test item: function8
2017-07-03 12:22:56,217 - main.py:198 - mylogger - Test item: function9
2017-07-03 12:22:56,254 - main.py:198 - mylogger - total time： 2.70
2017-07-03 12:22:56,310 - main.py:198 - mylogger - Test item: function9
2017-07-03 12:22:56,515 - main.py:198 - mylogger - Test item: function10
2017-07-03 12:22:56,924 - main.py:198 - mylogger - Test item: function11
2017-07-03 12:22:56,958 - main.py:198 - mylogger - total time： 3.41
2017-07-03 12:28:06,310 - login.py:31 - mylogger - Administrator login
2017-07-03 12:29:25,202 - login.py:31 - mylogger - Administrator login
2017-07-03 12:29:44,571 - login.py:31 - mylogger - Administrator login
2017-07-03 12:30:07,797 - login.py:31 - mylogger - Administrator login
2017-07-03 14:54:09,900 - login.py:31 - mylogger - Administrator login
2017-07-03 14:54:34,168 - login.py:31 - mylogger - Administrator login
2017-07-03 14:54:52,474 - login.py:31 - mylogger - Administrator login
2017-07-03 14:58:04,322 - login.py:31 - mylogger - Administrator login
2017-07-03 15:01:35,379 - main.py:198 - mylogger - first info message!
2017-07-03 15:01:35,623 - main.py:198 - mylogger - Test item: function1
2017-07-03 15:01:35,657 - main.py:198 - mylogger - Skip item: function2
2017-07-03 15:01:35,916 - main.py:198 - mylogger - Test item: function1
2017-07-03 15:01:35,953 - main.py:198 - mylogger - Test item: function3
2017-07-03 15:01:36,223 - main.py:198 - mylogger - Test item: function2
2017-07-03 15:01:36,426 - main.py:198 - mylogger - Test item: function3
2017-07-03 15:01:36,472 - main.py:198 - mylogger - Test item: function4
2017-07-03 15:01:36,536 - main.py:198 - mylogger - Test item: function4
2017-07-03 15:01:36,739 - main.py:198 - mylogger - Test item: function5
2017-07-03 15:01:36,842 - main.py:198 - mylogger - Test item: function5
2017-07-03 15:01:37,046 - main.py:198 - mylogger - Test item: function6
2017-07-03 15:01:37,144 - main.py:198 - mylogger - Test item: function6
2017-07-03 15:01:37,348 - main.py:198 - mylogger - Test item: function7
2017-07-03 15:01:37,448 - main.py:198 - mylogger - Test item: function7
2017-07-03 15:01:37,755 - main.py:198 - mylogger - Test item: function8
2017-07-03 15:01:37,953 - main.py:198 - mylogger - Test item: function8
2017-07-03 15:01:38,157 - main.py:198 - mylogger - Test item: function9
2017-07-03 15:01:38,193 - main.py:198 - mylogger - total time： 2.71
2017-07-03 15:01:38,304 - main.py:198 - mylogger - Test item: function9
2017-07-03 15:01:38,470 - main.py:198 - mylogger - Test item: function10
2017-07-03 15:01:38,878 - main.py:198 - mylogger - Test item: function11
2017-07-03 15:01:38,914 - main.py:198 - mylogger - total time： 3.41
2017-07-03 15:07:19,128 - login.py:31 - mylogger - Administrator login
2017-07-03 15:18:42,479 - login.py:31 - mylogger - Administrator login
2017-07-03 15:18:45,178 - main.py:198 - mylogger - first info message!
2017-07-03 15:18:45,417 - main.py:198 - mylogger - Test item: function1
2017-07-03 15:18:45,422 - main.py:198 - mylogger - Skip item: function2
2017-07-03 15:18:45,706 - main.py:198 - mylogger - Test item: function1
2017-07-03 15:18:45,740 - main.py:198 - mylogger - Test item: function3
2017-07-03 15:18:46,009 - main.py:198 - mylogger - Test item: function2
2017-07-03 15:18:46,217 - main.py:198 - mylogger - Test item: function3
2017-07-03 15:18:46,263 - main.py:198 - mylogger - Test item: function4
2017-07-03 15:18:46,337 - main.py:198 - mylogger - Test item: function4
2017-07-03 15:18:46,542 - main.py:198 - mylogger - Test item: function5
2017-07-03 15:18:46,636 - main.py:198 - mylogger - Test item: function5
2017-07-03 15:18:46,839 - main.py:198 - mylogger - Test item: function6
2017-07-03 15:18:46,951 - main.py:198 - mylogger - Test item: function6
2017-07-03 15:18:47,152 - main.py:198 - mylogger - Test item: function7
2017-07-03 15:18:47,262 - main.py:198 - mylogger - Test item: function7
2017-07-03 15:18:47,557 - main.py:198 - mylogger - Test item: function8
2017-07-03 15:18:47,765 - main.py:198 - mylogger - Test item: function8
2017-07-03 15:18:47,971 - main.py:198 - mylogger - Test item: function9
2017-07-03 15:18:48,016 - main.py:198 - mylogger - total time： 2.71
2017-07-03 15:18:48,074 - main.py:198 - mylogger - Test item: function9
2017-07-03 15:18:48,267 - main.py:198 - mylogger - Test item: function10
2017-07-03 15:18:48,672 - main.py:198 - mylogger - Test item: function11
2017-07-03 15:18:48,707 - main.py:198 - mylogger - total time： 3.44
2017-07-03 15:22:40,489 - main.py:198 - mylogger - first info message!
2017-07-03 15:22:40,714 - main.py:198 - mylogger - Test item: function1
2017-07-03 15:22:40,748 - main.py:198 - mylogger - Skip item: function2
2017-07-03 15:22:41,010 - main.py:198 - mylogger - Test item: function1
2017-07-03 15:22:41,043 - main.py:198 - mylogger - Test item: function3
2017-07-03 15:22:41,320 - main.py:198 - mylogger - Test item: function2
2017-07-03 15:22:41,524 - main.py:198 - mylogger - Test item: function4
2017-07-03 15:22:41,568 - main.py:198 - mylogger - Test item: function3
2017-07-03 15:22:41,644 - main.py:198 - mylogger - Test item: function4
2017-07-03 15:22:41,849 - main.py:198 - mylogger - Test item: function5
2017-07-03 15:22:41,930 - main.py:198 - mylogger - Test item: function5
2017-07-03 15:22:42,142 - main.py:198 - mylogger - Test item: function6
2017-07-03 15:22:42,260 - main.py:198 - mylogger - Test item: function6
2017-07-03 15:22:42,452 - main.py:198 - mylogger - Test item: function7
2017-07-03 15:22:42,570 - main.py:198 - mylogger - Test item: function7
2017-07-03 15:22:42,856 - main.py:198 - mylogger - Test item: function8
2017-07-03 15:22:43,075 - main.py:198 - mylogger - Test item: function8
2017-07-03 15:22:43,279 - main.py:198 - mylogger - Test item: function9
2017-07-03 15:22:43,325 - main.py:198 - mylogger - total time： 2.73
2017-07-03 15:22:43,374 - main.py:198 - mylogger - Test item: function9
2017-07-03 15:22:43,571 - main.py:198 - mylogger - Test item: function10
2017-07-03 15:22:43,982 - main.py:198 - mylogger - Test item: function11
2017-07-03 15:22:44,016 - main.py:198 - mylogger - total time： 3.41
