2017-07-19 09:10:27,876 - login.py:40 - mylogger - Administrator login
2017-07-19 09:10:30,880 - main.py:302 - mylogger - first info message!
2017-07-19 09:10:31,401 - main.py:302 - mylogger - Test item: function1
2017-07-19 09:10:31,702 - main.py:302 - mylogger - Test item: function2
2017-07-19 09:10:31,903 - main.py:302 - mylogger - Test item: function3
2017-07-19 09:10:32,017 - main.py:302 - mylogger - Test item: function4
2017-07-19 09:10:32,221 - main.py:302 - mylogger - Test item: function5
2017-07-19 09:10:32,626 - main.py:302 - mylogger - Test item: function6
2017-07-19 09:10:32,927 - main.py:302 - mylogger - Test item: function7
2017-07-19 09:10:33,437 - main.py:302 - mylogger - Test item: function8
2017-07-19 09:10:33,642 - main.py:302 - mylogger - Test item: function9
2017-07-19 09:10:33,690 - main.py:302 - mylogger - total time： 2.71
2017-07-19 09:11:53,009 - main.py:302 - mylogger - first info message!
2017-07-19 09:11:53,521 - main.py:302 - mylogger - Test item: function1
2017-07-19 09:11:53,823 - main.py:302 - mylogger - Test item: function2
2017-07-19 09:11:54,026 - main.py:302 - mylogger - Test item: function3
2017-07-19 09:11:54,128 - main.py:302 - mylogger - Test item: function4
2017-07-19 09:11:54,330 - main.py:302 - mylogger - Test item: function5
2017-07-19 09:11:54,742 - main.py:302 - mylogger - Test item: function6
2017-07-19 09:11:55,043 - main.py:302 - mylogger - Test item: function7
2017-07-19 09:11:55,544 - main.py:302 - mylogger - Test item: function8
2017-07-19 09:11:55,753 - main.py:302 - mylogger - Test item: function9
2017-07-19 09:11:55,802 - main.py:302 - mylogger - total time： 2.70
2017-07-19 09:11:56,470 - main.py:302 - mylogger - Test item: function1
2017-07-19 09:11:56,774 - main.py:302 - mylogger - Test item: function2
2017-07-19 09:11:56,983 - main.py:302 - mylogger - Test item: function3
2017-07-19 09:11:57,102 - main.py:302 - mylogger - Test item: function4
2017-07-19 09:11:57,304 - main.py:302 - mylogger - Test item: function5
2017-07-19 09:11:57,708 - main.py:302 - mylogger - Test item: function6
2017-07-19 09:11:58,009 - main.py:302 - mylogger - Test item: function7
2017-07-19 09:11:58,512 - main.py:302 - mylogger - Test item: function8
2017-07-19 09:11:58,721 - main.py:302 - mylogger - Test item: function9
2017-07-19 09:11:58,767 - main.py:302 - mylogger - total time： 2.70
2017-07-19 09:11:59,442 - main.py:302 - mylogger - Test item: function1
2017-07-19 09:11:59,746 - main.py:302 - mylogger - Test item: function2
2017-07-19 09:11:59,956 - main.py:302 - mylogger - Test item: function3
2017-07-19 09:12:00,059 - main.py:302 - mylogger - Test item: function4
2017-07-19 09:12:00,260 - main.py:302 - mylogger - Test item: function5
2017-07-19 09:12:00,670 - main.py:302 - mylogger - Test item: function6
2017-07-19 09:12:00,973 - main.py:302 - mylogger - Test item: function7
2017-07-19 09:12:01,476 - main.py:302 - mylogger - Test item: function8
2017-07-19 09:12:01,685 - main.py:302 - mylogger - Test item: function9
2017-07-19 09:12:01,731 - main.py:302 - mylogger - total time： 2.70
2017-07-19 09:12:02,406 - main.py:302 - mylogger - Test item: function1
2017-07-19 09:12:02,716 - main.py:302 - mylogger - Test item: function2
2017-07-19 09:12:02,919 - main.py:302 - mylogger - Test item: function3
2017-07-19 09:12:03,024 - main.py:302 - mylogger - Test item: function4
2017-07-19 09:12:03,230 - main.py:302 - mylogger - Test item: function5
2017-07-19 09:12:03,632 - main.py:302 - mylogger - Test item: function6
2017-07-19 09:12:03,943 - main.py:302 - mylogger - Test item: function7
2017-07-19 09:12:04,449 - main.py:302 - mylogger - Test item: function8
2017-07-19 09:12:04,654 - main.py:302 - mylogger - Test item: function9
2017-07-19 09:12:04,706 - main.py:302 - mylogger - total time： 2.71
2017-07-19 09:12:05,375 - main.py:302 - mylogger - Test item: function1
2017-07-19 09:12:05,678 - main.py:302 - mylogger - Test item: function2
2017-07-19 09:12:05,880 - main.py:302 - mylogger - Test item: function3
2017-07-19 09:12:05,995 - main.py:302 - mylogger - Test item: function4
2017-07-19 09:12:06,208 - main.py:302 - mylogger - Test item: function5
2017-07-19 09:12:06,611 - main.py:302 - mylogger - Test item: function6
2017-07-19 09:12:06,914 - main.py:302 - mylogger - Test item: function7
2017-07-19 09:12:07,420 - main.py:302 - mylogger - Test item: function8
2017-07-19 09:12:07,618 - main.py:302 - mylogger - Test item: function9
2017-07-19 09:12:07,669 - main.py:302 - mylogger - total time： 2.70
2017-07-19 09:12:08,331 - main.py:302 - mylogger - Test item: function1
2017-07-19 09:12:08,635 - main.py:302 - mylogger - Test item: function2
2017-07-19 09:12:08,839 - main.py:302 - mylogger - Test item: function3
2017-07-19 09:12:08,942 - main.py:302 - mylogger - Test item: function4
2017-07-19 09:12:09,154 - main.py:302 - mylogger - Test item: function5
2017-07-19 09:12:09,563 - main.py:302 - mylogger - Test item: function6
2017-07-19 09:12:09,868 - main.py:302 - mylogger - Test item: function7
2017-07-19 09:12:10,374 - main.py:302 - mylogger - Test item: function8
2017-07-19 09:12:10,584 - main.py:302 - mylogger - Test item: function9
2017-07-19 09:12:10,651 - main.py:302 - mylogger - total time： 2.71
2017-07-19 09:12:11,314 - main.py:302 - mylogger - Test item: function1
2017-07-19 09:12:11,617 - main.py:302 - mylogger - Test item: function2
2017-07-19 09:12:11,822 - main.py:302 - mylogger - Test item: function3
2017-07-19 09:12:11,931 - main.py:302 - mylogger - Test item: function4
2017-07-19 09:12:12,135 - main.py:302 - mylogger - Test item: function5
2017-07-19 09:12:12,547 - main.py:302 - mylogger - Test item: function6
2017-07-19 09:12:12,852 - main.py:302 - mylogger - Test item: function7
2017-07-19 09:12:13,358 - main.py:302 - mylogger - Test item: function8
2017-07-19 09:12:13,559 - main.py:302 - mylogger - Test item: function9
2017-07-19 09:12:13,624 - main.py:302 - mylogger - total time： 2.70
2017-07-19 09:12:14,280 - main.py:302 - mylogger - Test item: function1
2017-07-19 09:12:14,591 - main.py:302 - mylogger - Test item: function2
2017-07-19 09:12:14,792 - main.py:302 - mylogger - Test item: function3
2017-07-19 09:12:14,895 - main.py:302 - mylogger - Test item: function4
2017-07-19 09:12:15,098 - main.py:302 - mylogger - Test item: function5
2017-07-19 09:12:15,499 - main.py:302 - mylogger - Test item: function6
2017-07-19 09:12:15,802 - main.py:302 - mylogger - Test item: function7
2017-07-19 09:12:16,305 - main.py:302 - mylogger - Test item: function8
2017-07-19 09:12:16,513 - main.py:302 - mylogger - Test item: function9
2017-07-19 09:12:16,571 - main.py:302 - mylogger - total time： 2.71
2017-07-19 09:12:17,235 - main.py:302 - mylogger - Test item: function1
2017-07-19 09:12:17,537 - main.py:302 - mylogger - Test item: function2
2017-07-19 09:12:17,739 - main.py:302 - mylogger - Test item: function3
2017-07-19 09:12:17,840 - main.py:302 - mylogger - Test item: function4
2017-07-19 09:12:18,043 - main.py:302 - mylogger - Test item: function5
2017-07-19 09:12:18,448 - main.py:302 - mylogger - Test item: function6
2017-07-19 09:12:18,753 - main.py:302 - mylogger - Test item: function7
2017-07-19 09:12:19,254 - main.py:302 - mylogger - Test item: function8
2017-07-19 09:12:19,457 - main.py:302 - mylogger - Test item: function9
2017-07-19 09:12:19,522 - main.py:302 - mylogger - total time： 2.70
2017-07-19 09:12:20,186 - main.py:302 - mylogger - Test item: function1
2017-07-19 09:12:20,487 - main.py:302 - mylogger - Test item: function2
2017-07-19 09:12:20,690 - main.py:302 - mylogger - Test item: function3
2017-07-19 09:12:20,800 - main.py:302 - mylogger - Test item: function4
2017-07-19 09:12:21,011 - main.py:302 - mylogger - Test item: function5
2017-07-19 09:12:21,415 - main.py:302 - mylogger - Test item: function6
2017-07-19 09:12:21,718 - main.py:302 - mylogger - Test item: function7
2017-07-19 09:12:22,231 - main.py:302 - mylogger - Test item: function8
2017-07-19 09:12:22,436 - main.py:302 - mylogger - Test item: function9
2017-07-19 09:12:22,492 - main.py:302 - mylogger - total time： 2.71
2017-07-19 09:12:23,159 - main.py:302 - mylogger - Test item: function1
2017-07-19 09:12:23,462 - main.py:302 - mylogger - Test item: function2
2017-07-19 09:12:23,667 - main.py:302 - mylogger - Test item: function3
2017-07-19 09:12:23,768 - main.py:302 - mylogger - Test item: function4
2017-07-19 09:12:23,979 - main.py:302 - mylogger - Test item: function5
2017-07-19 09:12:24,382 - main.py:302 - mylogger - Test item: function6
2017-07-19 09:12:24,686 - main.py:302 - mylogger - Test item: function7
2017-07-19 09:12:25,191 - main.py:302 - mylogger - Test item: function8
2017-07-19 09:12:25,391 - main.py:302 - mylogger - Test item: function9
2017-07-19 09:12:25,437 - main.py:302 - mylogger - total time： 2.70
2017-07-19 09:12:26,117 - main.py:302 - mylogger - Test item: function1
2017-07-19 09:12:26,418 - main.py:302 - mylogger - Test item: function2
2017-07-19 09:12:26,620 - main.py:302 - mylogger - Test item: function3
2017-07-19 09:12:26,725 - main.py:302 - mylogger - Test item: function4
2017-07-19 09:12:26,927 - main.py:302 - mylogger - Test item: function5
2017-07-19 09:12:27,331 - main.py:302 - mylogger - Test item: function6
2017-07-19 09:12:27,635 - main.py:302 - mylogger - Test item: function7
2017-07-19 09:12:28,147 - main.py:302 - mylogger - Test item: function8
2017-07-19 09:12:28,351 - main.py:302 - mylogger - Test item: function9
2017-07-19 09:12:28,399 - main.py:302 - mylogger - total time： 2.70
2017-07-19 09:12:29,069 - main.py:302 - mylogger - Test item: function1
2017-07-19 09:12:29,371 - main.py:302 - mylogger - Test item: function2
2017-07-19 09:12:29,582 - main.py:302 - mylogger - Test item: function3
2017-07-19 09:12:29,687 - main.py:302 - mylogger - Test item: function4
2017-07-19 09:12:29,903 - main.py:302 - mylogger - Test item: function5
2017-07-19 09:12:30,309 - main.py:302 - mylogger - Test item: function6
2017-07-19 09:12:30,622 - main.py:302 - mylogger - Test item: function7
2017-07-19 09:12:31,135 - main.py:302 - mylogger - Test item: function8
2017-07-19 09:12:31,336 - main.py:302 - mylogger - Test item: function9
2017-07-19 09:12:31,400 - main.py:302 - mylogger - total time： 2.72
2017-07-19 09:12:32,057 - main.py:302 - mylogger - Test item: function1
2017-07-19 09:12:32,363 - main.py:302 - mylogger - Test item: function2
2017-07-19 09:12:32,567 - main.py:302 - mylogger - Test item: function3
2017-07-19 09:12:32,673 - main.py:302 - mylogger - Test item: function4
2017-07-19 09:12:32,875 - main.py:302 - mylogger - Test item: function5
2017-07-19 09:12:33,278 - main.py:302 - mylogger - Test item: function6
2017-07-19 09:12:33,582 - main.py:302 - mylogger - Test item: function7
2017-07-19 09:12:34,085 - main.py:302 - mylogger - Test item: function8
2017-07-19 09:12:34,288 - main.py:302 - mylogger - Test item: function9
2017-07-19 09:12:34,339 - main.py:302 - mylogger - total time： 2.70
2017-07-19 09:12:35,015 - main.py:302 - mylogger - Test item: function1
2017-07-19 09:12:35,321 - main.py:302 - mylogger - Test item: function2
2017-07-19 09:12:35,523 - main.py:302 - mylogger - Test item: function3
2017-07-19 09:12:35,624 - main.py:302 - mylogger - Test item: function4
2017-07-19 09:12:35,829 - main.py:302 - mylogger - Test item: function5
2017-07-19 09:12:36,232 - main.py:302 - mylogger - Test item: function6
2017-07-19 09:12:36,535 - main.py:302 - mylogger - Test item: function7
2017-07-19 09:12:37,062 - main.py:302 - mylogger - Test item: function8
2017-07-19 09:12:37,247 - main.py:302 - mylogger - Test item: function9
2017-07-19 09:12:37,300 - main.py:302 - mylogger - total time： 2.71
2017-07-19 09:12:37,966 - main.py:302 - mylogger - Test item: function1
2017-07-19 09:12:38,274 - main.py:302 - mylogger - Test item: function2
2017-07-19 09:12:38,482 - main.py:302 - mylogger - Test item: function3
2017-07-19 09:12:38,586 - main.py:302 - mylogger - Test item: function4
2017-07-19 09:12:38,791 - main.py:302 - mylogger - Test item: function5
2017-07-19 09:12:39,197 - main.py:302 - mylogger - Test item: function6
2017-07-19 09:12:39,507 - main.py:302 - mylogger - Test item: function7
2017-07-19 09:12:40,019 - main.py:302 - mylogger - Test item: function8
2017-07-19 09:12:40,220 - main.py:302 - mylogger - Test item: function9
2017-07-19 09:12:40,265 - main.py:302 - mylogger - total time： 2.71
2017-07-19 09:12:40,940 - main.py:302 - mylogger - Test item: function1
2017-07-19 09:12:41,246 - main.py:302 - mylogger - Test item: function2
2017-07-19 09:12:41,457 - main.py:302 - mylogger - Test item: function3
2017-07-19 09:12:41,575 - main.py:302 - mylogger - Test item: function4
2017-07-19 09:12:41,787 - main.py:302 - mylogger - Test item: function5
2017-07-19 09:12:42,190 - main.py:302 - mylogger - Test item: function6
2017-07-19 09:12:42,496 - main.py:302 - mylogger - Test item: function7
2017-07-19 09:12:43,006 - main.py:302 - mylogger - Test item: function8
2017-07-19 09:12:43,215 - main.py:302 - mylogger - Test item: function9
2017-07-19 09:12:43,259 - main.py:302 - mylogger - total time： 2.71
2017-07-19 09:12:43,937 - main.py:302 - mylogger - Test item: function1
2017-07-19 09:12:44,241 - main.py:302 - mylogger - Test item: function2
2017-07-19 09:12:44,446 - main.py:302 - mylogger - Test item: function3
2017-07-19 09:12:44,550 - main.py:302 - mylogger - Test item: function4
2017-07-19 09:12:44,762 - main.py:302 - mylogger - Test item: function5
2017-07-19 09:12:45,174 - main.py:302 - mylogger - Test item: function6
2017-07-19 09:12:45,477 - main.py:302 - mylogger - Test item: function7
2017-07-19 09:12:45,989 - main.py:302 - mylogger - Test item: function8
2017-07-19 09:12:46,196 - main.py:302 - mylogger - Test item: function9
2017-07-19 09:12:46,242 - main.py:302 - mylogger - total time： 2.71
2017-07-19 09:12:46,923 - main.py:302 - mylogger - Test item: function1
2017-07-19 09:12:47,229 - main.py:302 - mylogger - Test item: function2
2017-07-19 09:12:47,433 - main.py:302 - mylogger - Test item: function3
2017-07-19 09:12:47,537 - main.py:302 - mylogger - Test item: function4
2017-07-19 09:12:47,748 - main.py:302 - mylogger - Test item: function5
2017-07-19 09:12:48,154 - main.py:302 - mylogger - Test item: function6
2017-07-19 09:12:48,459 - main.py:302 - mylogger - Test item: function7
2017-07-19 09:12:48,965 - main.py:302 - mylogger - Test item: function8
2017-07-19 09:12:49,175 - main.py:302 - mylogger - Test item: function9
2017-07-19 09:12:49,222 - main.py:302 - mylogger - total time： 2.72
2017-07-19 09:12:49,897 - main.py:302 - mylogger - Test item: function1
2017-07-19 09:12:50,206 - main.py:302 - mylogger - Test item: function2
2017-07-19 09:12:50,417 - main.py:302 - mylogger - Test item: function3
2017-07-19 09:12:50,520 - main.py:302 - mylogger - Test item: function4
2017-07-19 09:12:50,723 - main.py:302 - mylogger - Test item: function5
2017-07-19 09:12:51,127 - main.py:302 - mylogger - Test item: function6
2017-07-19 09:12:51,431 - main.py:302 - mylogger - Test item: function7
2017-07-19 09:12:51,941 - main.py:302 - mylogger - Test item: function8
2017-07-19 09:12:52,153 - main.py:302 - mylogger - Test item: function9
2017-07-19 09:12:52,195 - main.py:302 - mylogger - total time： 2.70
2017-07-19 09:12:52,876 - main.py:302 - mylogger - Test item: function1
2017-07-19 09:12:53,183 - main.py:302 - mylogger - Test item: function2
2017-07-19 09:12:53,393 - main.py:302 - mylogger - Test item: function3
2017-07-19 09:12:53,499 - main.py:302 - mylogger - Test item: function4
2017-07-19 09:12:53,710 - main.py:302 - mylogger - Test item: function5
2017-07-19 09:12:54,119 - main.py:302 - mylogger - Test item: function6
2017-07-19 09:12:54,424 - main.py:302 - mylogger - Test item: function7
2017-07-19 09:12:54,927 - main.py:302 - mylogger - Test item: function8
2017-07-19 09:12:55,132 - main.py:302 - mylogger - Test item: function9
2017-07-19 09:12:55,177 - main.py:302 - mylogger - total time： 2.72
2017-07-19 09:12:55,857 - main.py:302 - mylogger - Test item: function1
2017-07-19 09:12:56,159 - main.py:302 - mylogger - Test item: function2
2017-07-19 09:12:56,361 - main.py:302 - mylogger - Test item: function3
2017-07-19 09:12:56,463 - main.py:302 - mylogger - Test item: function4
2017-07-19 09:12:56,683 - main.py:302 - mylogger - Test item: function5
2017-07-19 09:12:57,088 - main.py:302 - mylogger - Test item: function6
2017-07-19 09:12:57,390 - main.py:302 - mylogger - Test item: function7
2017-07-19 09:12:57,893 - main.py:302 - mylogger - Test item: function8
2017-07-19 09:12:58,103 - main.py:302 - mylogger - Test item: function9
2017-07-19 09:12:58,149 - main.py:302 - mylogger - total time： 2.71
2017-07-19 09:12:58,829 - main.py:302 - mylogger - Test item: function1
2017-07-19 09:12:59,138 - main.py:302 - mylogger - Test item: function2
2017-07-19 09:12:59,347 - main.py:302 - mylogger - Test item: function3
2017-07-19 09:12:59,448 - main.py:302 - mylogger - Test item: function4
2017-07-19 09:12:59,654 - main.py:302 - mylogger - Test item: function5
2017-07-19 09:13:00,057 - main.py:302 - mylogger - Test item: function6
2017-07-19 09:13:00,360 - main.py:302 - mylogger - Test item: function7
2017-07-19 09:13:00,871 - main.py:302 - mylogger - Test item: function8
2017-07-19 09:13:01,082 - main.py:302 - mylogger - Test item: function9
2017-07-19 09:13:01,125 - main.py:302 - mylogger - total time： 2.71
2017-07-19 09:13:01,804 - main.py:302 - mylogger - Test item: function1
2017-07-19 09:13:02,113 - main.py:302 - mylogger - Test item: function2
2017-07-19 09:13:02,316 - main.py:302 - mylogger - Test item: function3
2017-07-19 09:13:02,429 - main.py:302 - mylogger - Test item: function4
2017-07-19 09:13:02,641 - main.py:302 - mylogger - Test item: function5
2017-07-19 09:13:03,046 - main.py:302 - mylogger - Test item: function6
2017-07-19 09:13:03,353 - main.py:302 - mylogger - Test item: function7
2017-07-19 09:13:03,856 - main.py:302 - mylogger - Test item: function8
2017-07-19 09:13:04,060 - main.py:302 - mylogger - Test item: function9
2017-07-19 09:13:04,105 - main.py:302 - mylogger - total time： 2.71
2017-07-19 09:13:04,774 - main.py:302 - mylogger - Test item: function1
2017-07-19 09:13:05,076 - main.py:302 - mylogger - Test item: function2
2017-07-19 09:13:05,279 - main.py:302 - mylogger - Test item: function3
2017-07-19 09:13:05,386 - main.py:302 - mylogger - Test item: function4
2017-07-19 09:13:05,591 - main.py:302 - mylogger - Test item: function5
2017-07-19 09:13:06,005 - main.py:302 - mylogger - Test item: function6
2017-07-19 09:13:06,315 - main.py:302 - mylogger - Test item: function7
2017-07-19 09:13:06,823 - main.py:302 - mylogger - Test item: function8
2017-07-19 09:13:07,028 - main.py:302 - mylogger - Test item: function9
2017-07-19 09:13:07,072 - main.py:302 - mylogger - total time： 2.71
2017-07-19 09:13:07,744 - main.py:302 - mylogger - Test item: function1
2017-07-19 09:13:08,048 - main.py:302 - mylogger - Test item: function2
2017-07-19 09:13:08,252 - main.py:302 - mylogger - Test item: function3
2017-07-19 09:13:08,364 - main.py:302 - mylogger - Test item: function4
2017-07-19 09:13:08,569 - main.py:302 - mylogger - Test item: function5
2017-07-19 09:13:08,971 - main.py:302 - mylogger - Test item: function6
2017-07-19 09:13:09,275 - main.py:302 - mylogger - Test item: function7
2017-07-19 09:13:09,776 - main.py:302 - mylogger - Test item: function8
2017-07-19 09:13:09,981 - main.py:302 - mylogger - Test item: function9
2017-07-19 09:13:10,031 - main.py:302 - mylogger - total time： 2.70
2017-07-19 09:13:10,712 - main.py:302 - mylogger - Test item: function1
2017-07-19 09:13:11,021 - main.py:302 - mylogger - Test item: function2
2017-07-19 09:13:11,223 - main.py:302 - mylogger - Test item: function3
2017-07-19 09:13:11,328 - main.py:302 - mylogger - Test item: function4
2017-07-19 09:13:11,535 - main.py:302 - mylogger - Test item: function5
2017-07-19 09:13:11,940 - main.py:302 - mylogger - Test item: function6
2017-07-19 09:13:12,241 - main.py:302 - mylogger - Test item: function7
2017-07-19 09:13:12,746 - main.py:302 - mylogger - Test item: function8
2017-07-19 09:13:12,959 - main.py:302 - mylogger - Test item: function9
2017-07-19 09:13:13,001 - main.py:302 - mylogger - total time： 2.70
2017-07-19 09:13:13,679 - main.py:302 - mylogger - Test item: function1
2017-07-19 09:13:13,984 - main.py:302 - mylogger - Test item: function2
2017-07-19 09:13:14,186 - main.py:302 - mylogger - Test item: function3
2017-07-19 09:13:14,291 - main.py:302 - mylogger - Test item: function4
2017-07-19 09:13:14,492 - main.py:302 - mylogger - Test item: function5
2017-07-19 09:13:14,895 - main.py:302 - mylogger - Test item: function6
2017-07-19 09:13:15,195 - main.py:302 - mylogger - Test item: function7
2017-07-19 09:13:15,699 - main.py:302 - mylogger - Test item: function8
2017-07-19 09:13:15,900 - main.py:302 - mylogger - Test item: function9
2017-07-19 09:13:15,952 - main.py:302 - mylogger - total time： 2.70
2017-07-19 09:13:16,623 - main.py:302 - mylogger - Test item: function1
2017-07-19 09:13:16,923 - main.py:302 - mylogger - Test item: function2
2017-07-19 09:13:17,127 - main.py:302 - mylogger - Test item: function3
2017-07-19 09:13:17,231 - main.py:302 - mylogger - Test item: function4
2017-07-19 09:13:17,443 - main.py:302 - mylogger - Test item: function5
2017-07-19 09:13:17,860 - main.py:302 - mylogger - Test item: function6
2017-07-19 09:13:18,170 - main.py:302 - mylogger - Test item: function7
2017-07-19 09:13:18,676 - main.py:302 - mylogger - Test item: function8
2017-07-19 09:13:18,880 - main.py:302 - mylogger - Test item: function9
2017-07-19 09:13:18,932 - main.py:302 - mylogger - total time： 2.72
2017-07-19 09:13:19,607 - main.py:302 - mylogger - Test item: function1
2017-07-19 09:13:19,908 - main.py:302 - mylogger - Test item: function2
2017-07-19 09:13:20,112 - main.py:302 - mylogger - Test item: function3
2017-07-19 09:13:20,218 - main.py:302 - mylogger - Test item: function4
2017-07-19 09:13:20,421 - main.py:302 - mylogger - Test item: function5
2017-07-19 09:13:20,824 - main.py:302 - mylogger - Test item: function6
2017-07-19 09:13:21,130 - main.py:302 - mylogger - Test item: function7
2017-07-19 09:13:21,639 - main.py:302 - mylogger - Test item: function8
2017-07-19 09:13:21,851 - main.py:302 - mylogger - Test item: function9
2017-07-19 09:13:21,894 - main.py:302 - mylogger - total time： 2.70
2017-07-19 09:13:22,575 - main.py:302 - mylogger - Test item: function1
2017-07-19 09:13:22,877 - main.py:302 - mylogger - Test item: function2
2017-07-19 09:13:23,079 - main.py:302 - mylogger - Test item: function3
2017-07-19 09:13:23,184 - main.py:302 - mylogger - Test item: function4
2017-07-19 09:13:23,388 - main.py:302 - mylogger - Test item: function5
2017-07-19 09:13:23,802 - main.py:302 - mylogger - Test item: function6
2017-07-19 09:13:24,102 - main.py:302 - mylogger - Test item: function7
2017-07-19 09:13:24,615 - main.py:302 - mylogger - Test item: function8
2017-07-19 09:13:24,817 - main.py:302 - mylogger - Test item: function9
2017-07-19 09:13:24,847 - main.py:302 - mylogger - total time： 2.72
2017-07-19 09:13:25,525 - main.py:302 - mylogger - Test item: function1
2017-07-19 09:13:25,833 - main.py:302 - mylogger - Test item: function2
2017-07-19 09:13:26,045 - main.py:302 - mylogger - Test item: function3
2017-07-19 09:13:26,156 - main.py:302 - mylogger - Test item: function4
2017-07-19 09:13:26,360 - main.py:302 - mylogger - Test item: function5
2017-07-19 09:13:26,765 - main.py:302 - mylogger - Test item: function6
2017-07-19 09:13:27,069 - main.py:302 - mylogger - Test item: function7
2017-07-19 09:13:27,570 - main.py:302 - mylogger - Test item: function8
2017-07-19 09:13:27,774 - main.py:302 - mylogger - Test item: function9
2017-07-19 09:13:27,827 - main.py:302 - mylogger - total time： 2.71
2017-07-19 09:13:28,501 - main.py:302 - mylogger - Test item: function1
2017-07-19 09:13:28,810 - main.py:302 - mylogger - Test item: function2
2017-07-19 09:13:29,016 - main.py:302 - mylogger - Test item: function3
2017-07-19 09:13:29,119 - main.py:302 - mylogger - Test item: function4
2017-07-19 09:13:29,324 - main.py:302 - mylogger - Test item: function5
2017-07-19 09:13:29,734 - main.py:302 - mylogger - Test item: function6
2017-07-19 09:13:30,038 - main.py:302 - mylogger - Test item: function7
2017-07-19 09:13:30,548 - main.py:302 - mylogger - Test item: function8
2017-07-19 09:13:30,754 - main.py:302 - mylogger - Test item: function9
2017-07-19 09:13:30,805 - main.py:302 - mylogger - total time： 2.71
2017-07-19 09:13:31,478 - main.py:302 - mylogger - Test item: function1
2017-07-19 09:13:31,783 - main.py:302 - mylogger - Test item: function2
2017-07-19 09:13:31,988 - main.py:302 - mylogger - Test item: function3
2017-07-19 09:13:32,105 - main.py:302 - mylogger - Test item: function4
2017-07-19 09:13:32,318 - main.py:302 - mylogger - Test item: function5
2017-07-19 09:13:32,722 - main.py:302 - mylogger - Test item: function6
2017-07-19 09:13:33,027 - main.py:302 - mylogger - Test item: function7
2017-07-19 09:13:33,531 - main.py:302 - mylogger - Test item: function8
2017-07-19 09:13:33,741 - main.py:302 - mylogger - Test item: function9
2017-07-19 09:13:33,783 - main.py:302 - mylogger - total time： 2.72
2017-07-19 09:13:34,461 - main.py:302 - mylogger - Test item: function1
2017-07-19 09:13:34,769 - main.py:302 - mylogger - Test item: function2
2017-07-19 09:13:34,972 - main.py:302 - mylogger - Test item: function3
2017-07-19 09:13:35,082 - main.py:302 - mylogger - Test item: function4
2017-07-19 09:13:35,286 - main.py:302 - mylogger - Test item: function5
2017-07-19 09:13:35,698 - main.py:302 - mylogger - Test item: function6
2017-07-19 09:13:36,009 - main.py:302 - mylogger - Test item: function7
2017-07-19 09:13:36,513 - main.py:302 - mylogger - Test item: function8
2017-07-19 09:13:36,719 - main.py:302 - mylogger - Test item: function9
2017-07-19 09:13:36,767 - main.py:302 - mylogger - total time： 2.71
2017-07-19 09:13:37,449 - main.py:302 - mylogger - Test item: function1
2017-07-19 09:13:37,751 - main.py:302 - mylogger - Test item: function2
2017-07-19 09:13:37,952 - main.py:302 - mylogger - Test item: function3
2017-07-19 09:13:38,059 - main.py:302 - mylogger - Test item: function4
2017-07-19 09:13:38,265 - main.py:302 - mylogger - Test item: function5
2017-07-19 09:13:38,670 - main.py:302 - mylogger - Test item: function6
2017-07-19 09:13:38,979 - main.py:302 - mylogger - Test item: function7
2017-07-19 09:13:39,483 - main.py:302 - mylogger - Test item: function8
2017-07-19 09:13:39,690 - main.py:302 - mylogger - Test item: function9
2017-07-19 09:13:39,740 - main.py:302 - mylogger - total time： 2.72
2017-07-19 09:13:40,414 - main.py:302 - mylogger - Test item: function1
2017-07-19 09:13:40,719 - main.py:302 - mylogger - Test item: function2
2017-07-19 09:13:40,924 - main.py:302 - mylogger - Test item: function3
2017-07-19 09:13:41,028 - main.py:302 - mylogger - Test item: function4
2017-07-19 09:13:41,232 - main.py:302 - mylogger - Test item: function5
2017-07-19 09:13:41,636 - main.py:302 - mylogger - Test item: function6
2017-07-19 09:13:41,939 - main.py:302 - mylogger - Test item: function7
2017-07-19 09:13:42,443 - main.py:302 - mylogger - Test item: function8
2017-07-19 09:13:42,648 - main.py:302 - mylogger - Test item: function9
2017-07-19 09:13:42,709 - main.py:302 - mylogger - total time： 2.70
2017-07-19 09:13:43,373 - main.py:302 - mylogger - Test item: function1
2017-07-19 09:13:43,674 - main.py:302 - mylogger - Test item: function2
2017-07-19 09:13:43,880 - main.py:302 - mylogger - Test item: function3
2017-07-19 09:13:43,983 - main.py:302 - mylogger - Test item: function4
2017-07-19 09:13:44,191 - main.py:302 - mylogger - Test item: function5
2017-07-19 09:13:44,595 - main.py:302 - mylogger - Test item: function6
2017-07-19 09:13:44,899 - main.py:302 - mylogger - Test item: function7
2017-07-19 09:13:45,411 - main.py:302 - mylogger - Test item: function8
2017-07-19 09:13:45,623 - main.py:302 - mylogger - Test item: function9
2017-07-19 09:13:45,669 - main.py:302 - mylogger - total time： 2.70
2017-07-19 09:13:46,351 - main.py:302 - mylogger - Test item: function1
2017-07-19 09:13:46,652 - main.py:302 - mylogger - Test item: function2
2017-07-19 09:13:46,856 - main.py:302 - mylogger - Test item: function3
2017-07-19 09:13:46,967 - main.py:302 - mylogger - Test item: function4
2017-07-19 09:13:47,180 - main.py:302 - mylogger - Test item: function5
2017-07-19 09:13:47,585 - main.py:302 - mylogger - Test item: function6
2017-07-19 09:13:47,897 - main.py:302 - mylogger - Test item: function7
2017-07-19 09:13:48,402 - main.py:302 - mylogger - Test item: function8
2017-07-19 09:13:48,607 - main.py:302 - mylogger - Test item: function9
2017-07-19 09:13:48,653 - main.py:302 - mylogger - total time： 2.72
2017-07-19 09:13:49,328 - main.py:302 - mylogger - Test item: function1
2017-07-19 09:13:49,637 - main.py:302 - mylogger - Test item: function2
2017-07-19 09:13:49,839 - main.py:302 - mylogger - Test item: function3
2017-07-19 09:13:49,953 - main.py:302 - mylogger - Test item: function4
2017-07-19 09:13:50,157 - main.py:302 - mylogger - Test item: function5
2017-07-19 09:13:50,562 - main.py:302 - mylogger - Test item: function6
2017-07-19 09:13:50,867 - main.py:302 - mylogger - Test item: function7
2017-07-19 09:13:51,370 - main.py:302 - mylogger - Test item: function8
2017-07-19 09:13:51,582 - main.py:302 - mylogger - Test item: function9
2017-07-19 09:13:51,615 - main.py:302 - mylogger - total time： 2.71
2017-07-19 09:13:52,299 - main.py:302 - mylogger - Test item: function1
2017-07-19 09:13:52,604 - main.py:302 - mylogger - Test item: function2
2017-07-19 09:13:52,814 - main.py:302 - mylogger - Test item: function3
2017-07-19 09:13:52,935 - main.py:302 - mylogger - Test item: function4
2017-07-19 09:13:53,144 - main.py:302 - mylogger - Test item: function5
2017-07-19 09:13:53,549 - main.py:302 - mylogger - Test item: function6
2017-07-19 09:13:53,861 - main.py:302 - mylogger - Test item: function7
2017-07-19 09:13:54,366 - main.py:302 - mylogger - Test item: function8
2017-07-19 09:13:54,565 - main.py:302 - mylogger - Test item: function9
2017-07-19 09:13:54,619 - main.py:302 - mylogger - total time： 2.71
2017-07-19 09:13:55,285 - main.py:302 - mylogger - Test item: function1
2017-07-19 09:13:55,590 - main.py:302 - mylogger - Test item: function2
2017-07-19 09:13:55,801 - main.py:302 - mylogger - Test item: function3
2017-07-19 09:13:55,918 - main.py:302 - mylogger - Test item: function4
2017-07-19 09:13:56,121 - main.py:302 - mylogger - Test item: function5
2017-07-19 09:13:56,532 - main.py:302 - mylogger - Test item: function6
2017-07-19 09:13:56,841 - main.py:302 - mylogger - Test item: function7
2017-07-19 09:13:57,345 - main.py:302 - mylogger - Test item: function8
2017-07-19 09:13:57,548 - main.py:302 - mylogger - Test item: function9
2017-07-19 09:13:57,594 - main.py:302 - mylogger - total time： 2.71
2017-07-19 09:13:58,264 - main.py:302 - mylogger - Test item: function1
2017-07-19 09:13:58,566 - main.py:302 - mylogger - Test item: function2
2017-07-19 09:13:58,780 - main.py:302 - mylogger - Test item: function3
2017-07-19 09:13:58,885 - main.py:302 - mylogger - Test item: function4
2017-07-19 09:13:59,088 - main.py:302 - mylogger - Test item: function5
2017-07-19 09:13:59,500 - main.py:302 - mylogger - Test item: function6
2017-07-19 09:13:59,807 - main.py:302 - mylogger - Test item: function7
2017-07-19 09:14:00,318 - main.py:302 - mylogger - Test item: function8
2017-07-19 09:14:00,520 - main.py:302 - mylogger - Test item: function9
2017-07-19 09:14:00,570 - main.py:302 - mylogger - total time： 2.72
2017-07-19 09:14:01,236 - main.py:302 - mylogger - Test item: function1
2017-07-19 09:14:01,542 - main.py:302 - mylogger - Test item: function2
2017-07-19 09:14:01,752 - main.py:302 - mylogger - Test item: function3
2017-07-19 09:14:01,864 - main.py:302 - mylogger - Test item: function4
2017-07-19 09:14:02,071 - main.py:302 - mylogger - Test item: function5
2017-07-19 09:14:02,474 - main.py:302 - mylogger - Test item: function6
2017-07-19 09:14:02,784 - main.py:302 - mylogger - Test item: function7
2017-07-19 09:14:03,292 - main.py:302 - mylogger - Test item: function8
2017-07-19 09:14:03,497 - main.py:302 - mylogger - Test item: function9
2017-07-19 09:14:03,547 - main.py:302 - mylogger - total time： 2.72
2017-07-19 09:14:04,215 - main.py:302 - mylogger - Test item: function1
2017-07-19 09:14:04,518 - main.py:302 - mylogger - Test item: function2
2017-07-19 09:14:04,721 - main.py:302 - mylogger - Test item: function3
2017-07-19 09:14:04,825 - main.py:302 - mylogger - Test item: function4
2017-07-19 09:14:05,029 - main.py:302 - mylogger - Test item: function5
2017-07-19 09:14:05,443 - main.py:302 - mylogger - Test item: function6
2017-07-19 09:14:05,756 - main.py:302 - mylogger - Test item: function7
2017-07-19 09:14:06,258 - main.py:302 - mylogger - Test item: function8
2017-07-19 09:14:06,462 - main.py:302 - mylogger - Test item: function9
2017-07-19 09:14:06,519 - main.py:302 - mylogger - total time： 2.70
2017-07-19 09:14:07,181 - main.py:302 - mylogger - Test item: function1
2017-07-19 09:14:07,485 - main.py:302 - mylogger - Test item: function2
2017-07-19 09:14:07,693 - main.py:302 - mylogger - Test item: function3
2017-07-19 09:14:07,796 - main.py:302 - mylogger - Test item: function4
2017-07-19 09:14:08,004 - main.py:302 - mylogger - Test item: function5
2017-07-19 09:14:08,419 - main.py:302 - mylogger - Test item: function6
2017-07-19 09:14:08,727 - main.py:302 - mylogger - Test item: function7
2017-07-19 09:14:09,238 - main.py:302 - mylogger - Test item: function8
2017-07-19 09:14:09,443 - main.py:302 - mylogger - Test item: function9
2017-07-19 09:14:09,491 - main.py:302 - mylogger - total time： 2.71
2017-07-19 09:14:10,166 - main.py:302 - mylogger - Test item: function1
2017-07-19 09:14:10,466 - main.py:302 - mylogger - Test item: function2
2017-07-19 09:14:10,672 - main.py:302 - mylogger - Test item: function3
2017-07-19 09:14:10,777 - main.py:302 - mylogger - Test item: function4
2017-07-19 09:14:10,980 - main.py:302 - mylogger - Test item: function5
2017-07-19 09:14:11,383 - main.py:302 - mylogger - Test item: function6
2017-07-19 09:14:11,693 - main.py:302 - mylogger - Test item: function7
2017-07-19 09:14:12,205 - main.py:302 - mylogger - Test item: function8
2017-07-19 09:14:12,409 - main.py:302 - mylogger - Test item: function9
2017-07-19 09:14:12,455 - main.py:302 - mylogger - total time： 2.72
2017-07-19 09:14:13,134 - main.py:302 - mylogger - Test item: function1
2017-07-19 09:14:13,438 - main.py:302 - mylogger - Test item: function2
2017-07-19 09:14:13,643 - main.py:302 - mylogger - Test item: function3
2017-07-19 09:14:13,757 - main.py:302 - mylogger - Test item: function4
2017-07-19 09:14:13,962 - main.py:302 - mylogger - Test item: function5
2017-07-19 09:14:14,373 - main.py:302 - mylogger - Test item: function6
2017-07-19 09:14:14,685 - main.py:302 - mylogger - Test item: function7
2017-07-19 09:14:15,189 - main.py:302 - mylogger - Test item: function8
2017-07-19 09:14:15,403 - main.py:302 - mylogger - Test item: function9
2017-07-19 09:14:15,447 - main.py:302 - mylogger - total time： 2.71
2017-07-19 09:14:16,125 - main.py:302 - mylogger - Test item: function1
2017-07-19 09:14:16,431 - main.py:302 - mylogger - Test item: function2
2017-07-19 09:14:16,635 - main.py:302 - mylogger - Test item: function3
2017-07-19 09:14:16,751 - main.py:302 - mylogger - Test item: function4
2017-07-19 09:14:16,962 - main.py:302 - mylogger - Test item: function5
2017-07-19 09:14:17,368 - main.py:302 - mylogger - Test item: function6
2017-07-19 09:14:17,670 - main.py:302 - mylogger - Test item: function7
2017-07-19 09:14:18,181 - main.py:302 - mylogger - Test item: function8
2017-07-19 09:14:18,391 - main.py:302 - mylogger - Test item: function9
2017-07-19 09:14:18,437 - main.py:302 - mylogger - total time： 2.72
2017-07-19 09:14:19,120 - main.py:302 - mylogger - Test item: function1
2017-07-19 09:14:19,422 - main.py:302 - mylogger - Test item: function2
2017-07-19 09:14:19,627 - main.py:302 - mylogger - Test item: function3
2017-07-19 09:14:19,728 - main.py:302 - mylogger - Test item: function4
2017-07-19 09:14:19,937 - main.py:302 - mylogger - Test item: function5
2017-07-19 09:14:20,344 - main.py:302 - mylogger - Test item: function6
2017-07-19 09:14:20,654 - main.py:302 - mylogger - Test item: function7
2017-07-19 09:14:21,158 - main.py:302 - mylogger - Test item: function8
2017-07-19 09:14:21,362 - main.py:302 - mylogger - Test item: function9
2017-07-19 09:14:21,408 - main.py:302 - mylogger - total time： 2.72
2017-07-19 09:14:22,084 - main.py:302 - mylogger - Test item: function1
2017-07-19 09:14:22,387 - main.py:302 - mylogger - Test item: function2
2017-07-19 09:14:22,589 - main.py:302 - mylogger - Test item: function3
2017-07-19 09:14:22,693 - main.py:302 - mylogger - Test item: function4
2017-07-19 09:14:22,895 - main.py:302 - mylogger - Test item: function5
2017-07-19 09:14:23,301 - main.py:302 - mylogger - Test item: function6
2017-07-19 09:14:23,606 - main.py:302 - mylogger - Test item: function7
2017-07-19 09:14:24,117 - main.py:302 - mylogger - Test item: function8
2017-07-19 09:14:24,319 - main.py:302 - mylogger - Test item: function9
2017-07-19 09:14:24,365 - main.py:302 - mylogger - total time： 2.71
2017-07-19 09:14:25,043 - main.py:302 - mylogger - Test item: function1
2017-07-19 09:14:25,348 - main.py:302 - mylogger - Test item: function2
2017-07-19 09:14:25,552 - main.py:302 - mylogger - Test item: function3
2017-07-19 09:14:25,655 - main.py:302 - mylogger - Test item: function4
2017-07-19 09:14:25,859 - main.py:302 - mylogger - Test item: function5
2017-07-19 09:14:26,263 - main.py:302 - mylogger - Test item: function6
2017-07-19 09:14:26,567 - main.py:302 - mylogger - Test item: function7
2017-07-19 09:14:27,080 - main.py:302 - mylogger - Test item: function8
2017-07-19 09:14:27,287 - main.py:302 - mylogger - Test item: function9
2017-07-19 09:14:27,341 - main.py:302 - mylogger - total time： 2.73
2017-07-19 09:14:28,010 - main.py:302 - mylogger - Test item: function1
2017-07-19 09:14:28,314 - main.py:302 - mylogger - Test item: function2
2017-07-19 09:14:28,519 - main.py:302 - mylogger - Test item: function3
2017-07-19 09:14:28,622 - main.py:302 - mylogger - Test item: function4
2017-07-19 09:14:28,827 - main.py:302 - mylogger - Test item: function5
2017-07-19 09:14:29,231 - main.py:302 - mylogger - Test item: function6
2017-07-19 09:14:29,534 - main.py:302 - mylogger - Test item: function7
2017-07-19 09:14:30,038 - main.py:302 - mylogger - Test item: function8
2017-07-19 09:14:30,244 - main.py:302 - mylogger - Test item: function9
2017-07-19 09:14:30,288 - main.py:302 - mylogger - total time： 2.71
2017-07-19 09:14:30,964 - main.py:302 - mylogger - Test item: function1
2017-07-19 09:14:31,269 - main.py:302 - mylogger - Test item: function2
2017-07-19 09:14:31,478 - main.py:302 - mylogger - Test item: function3
2017-07-19 09:14:31,588 - main.py:302 - mylogger - Test item: function4
2017-07-19 09:14:31,803 - main.py:302 - mylogger - Test item: function5
2017-07-19 09:14:32,212 - main.py:302 - mylogger - Test item: function6
2017-07-19 09:14:32,516 - main.py:302 - mylogger - Test item: function7
2017-07-19 09:14:33,021 - main.py:302 - mylogger - Test item: function8
2017-07-19 09:14:33,224 - main.py:302 - mylogger - Test item: function9
2017-07-19 09:14:33,268 - main.py:302 - mylogger - total time： 2.72
2017-07-19 09:14:33,940 - main.py:302 - mylogger - Test item: function1
2017-07-19 09:14:34,241 - main.py:302 - mylogger - Test item: function2
2017-07-19 09:14:34,444 - main.py:302 - mylogger - Test item: function3
2017-07-19 09:14:34,550 - main.py:302 - mylogger - Test item: function4
2017-07-19 09:14:34,755 - main.py:302 - mylogger - Test item: function5
2017-07-19 09:14:35,157 - main.py:302 - mylogger - Test item: function6
2017-07-19 09:14:35,462 - main.py:302 - mylogger - Test item: function7
2017-07-19 09:14:35,966 - main.py:302 - mylogger - Test item: function8
2017-07-19 09:14:36,172 - main.py:302 - mylogger - Test item: function9
2017-07-19 09:14:36,221 - main.py:302 - mylogger - total time： 2.70
2017-07-19 09:14:36,899 - main.py:302 - mylogger - Test item: function1
2017-07-19 09:14:37,203 - main.py:302 - mylogger - Test item: function2
2017-07-19 09:14:37,407 - main.py:302 - mylogger - Test item: function3
2017-07-19 09:14:37,508 - main.py:302 - mylogger - Test item: function4
2017-07-19 09:14:37,713 - main.py:302 - mylogger - Test item: function5
2017-07-19 09:14:38,114 - main.py:302 - mylogger - Test item: function6
2017-07-19 09:14:38,419 - main.py:302 - mylogger - Test item: function7
2017-07-19 09:14:38,924 - main.py:302 - mylogger - Test item: function8
2017-07-19 09:14:39,125 - main.py:302 - mylogger - Test item: function9
2017-07-19 09:14:39,173 - main.py:302 - mylogger - total time： 2.70
2017-07-19 09:14:39,841 - main.py:302 - mylogger - Test item: function1
2017-07-19 09:14:40,148 - main.py:302 - mylogger - Test item: function2
2017-07-19 09:14:40,357 - main.py:302 - mylogger - Test item: function3
2017-07-19 09:14:40,475 - main.py:302 - mylogger - Test item: function4
2017-07-19 09:14:40,678 - main.py:302 - mylogger - Test item: function5
2017-07-19 09:14:41,080 - main.py:302 - mylogger - Test item: function6
2017-07-19 09:14:41,392 - main.py:302 - mylogger - Test item: function7
2017-07-19 09:14:41,904 - main.py:302 - mylogger - Test item: function8
2017-07-19 09:14:42,106 - main.py:302 - mylogger - Test item: function9
2017-07-19 09:14:42,153 - main.py:302 - mylogger - total time： 2.72
2017-07-19 09:14:42,819 - main.py:302 - mylogger - Test item: function1
2017-07-19 09:14:43,128 - main.py:302 - mylogger - Test item: function2
2017-07-19 09:14:43,332 - main.py:302 - mylogger - Test item: function3
2017-07-19 09:14:43,437 - main.py:302 - mylogger - Test item: function4
2017-07-19 09:14:43,642 - main.py:302 - mylogger - Test item: function5
2017-07-19 09:14:44,047 - main.py:302 - mylogger - Test item: function6
2017-07-19 09:14:44,359 - main.py:302 - mylogger - Test item: function7
2017-07-19 09:14:44,862 - main.py:302 - mylogger - Test item: function8
2017-07-19 09:14:45,074 - main.py:302 - mylogger - Test item: function9
2017-07-19 09:14:45,119 - main.py:302 - mylogger - total time： 2.70
2017-07-19 09:14:45,795 - main.py:302 - mylogger - Test item: function1
2017-07-19 09:14:46,098 - main.py:302 - mylogger - Test item: function2
2017-07-19 09:14:46,302 - main.py:302 - mylogger - Test item: function3
2017-07-19 09:14:46,403 - main.py:302 - mylogger - Test item: function4
2017-07-19 09:14:46,606 - main.py:302 - mylogger - Test item: function5
2017-07-19 09:14:47,015 - main.py:302 - mylogger - Test item: function6
2017-07-19 09:14:47,319 - main.py:302 - mylogger - Test item: function7
2017-07-19 09:14:47,830 - main.py:302 - mylogger - Test item: function8
2017-07-19 09:14:48,038 - main.py:302 - mylogger - Test item: function9
2017-07-19 09:14:48,089 - main.py:302 - mylogger - total time： 2.70
2017-07-19 09:14:48,764 - main.py:302 - mylogger - Test item: function1
2017-07-19 09:14:49,069 - main.py:302 - mylogger - Test item: function2
2017-07-19 09:14:49,272 - main.py:302 - mylogger - Test item: function3
2017-07-19 09:14:49,388 - main.py:302 - mylogger - Test item: function4
2017-07-19 09:14:49,591 - main.py:302 - mylogger - Test item: function5
2017-07-19 09:14:49,997 - main.py:302 - mylogger - Test item: function6
2017-07-19 09:14:50,310 - main.py:302 - mylogger - Test item: function7
2017-07-19 09:14:50,821 - main.py:302 - mylogger - Test item: function8
2017-07-19 09:14:51,023 - main.py:302 - mylogger - Test item: function9
2017-07-19 09:14:51,075 - main.py:302 - mylogger - total time： 2.71
2017-07-19 09:14:51,743 - main.py:302 - mylogger - Test item: function1
2017-07-19 09:14:52,049 - main.py:302 - mylogger - Test item: function2
2017-07-19 09:14:52,261 - main.py:302 - mylogger - Test item: function3
2017-07-19 09:14:52,373 - main.py:302 - mylogger - Test item: function4
2017-07-19 09:14:52,578 - main.py:302 - mylogger - Test item: function5
2017-07-19 09:14:52,981 - main.py:302 - mylogger - Test item: function6
2017-07-19 09:14:53,284 - main.py:302 - mylogger - Test item: function7
2017-07-19 09:14:53,787 - main.py:302 - mylogger - Test item: function8
2017-07-19 09:14:53,991 - main.py:302 - mylogger - Test item: function9
2017-07-19 09:14:54,042 - main.py:302 - mylogger - total time： 2.70
2017-07-19 09:14:54,720 - main.py:302 - mylogger - Test item: function1
2017-07-19 09:14:55,024 - main.py:302 - mylogger - Test item: function2
2017-07-19 09:14:55,226 - main.py:302 - mylogger - Test item: function3
2017-07-19 09:14:55,330 - main.py:302 - mylogger - Test item: function4
2017-07-19 09:14:55,540 - main.py:302 - mylogger - Test item: function5
2017-07-19 09:14:55,943 - main.py:302 - mylogger - Test item: function6
2017-07-19 09:14:56,255 - main.py:302 - mylogger - Test item: function7
2017-07-19 09:14:56,761 - main.py:302 - mylogger - Test item: function8
2017-07-19 09:14:56,972 - main.py:302 - mylogger - Test item: function9
2017-07-19 09:14:57,015 - main.py:302 - mylogger - total time： 2.70
2017-07-19 09:14:57,694 - main.py:302 - mylogger - Test item: function1
2017-07-19 09:14:57,998 - main.py:302 - mylogger - Test item: function2
2017-07-19 09:14:58,200 - main.py:302 - mylogger - Test item: function3
2017-07-19 09:14:58,306 - main.py:302 - mylogger - Test item: function4
2017-07-19 09:14:58,509 - main.py:302 - mylogger - Test item: function5
2017-07-19 09:14:58,912 - main.py:302 - mylogger - Test item: function6
2017-07-19 09:14:59,223 - main.py:302 - mylogger - Test item: function7
2017-07-19 09:14:59,734 - main.py:302 - mylogger - Test item: function8
2017-07-19 09:14:59,951 - main.py:302 - mylogger - Test item: function9
2017-07-19 09:15:00,000 - main.py:302 - mylogger - total time： 2.70
2017-07-19 09:15:00,673 - main.py:302 - mylogger - Test item: function1
2017-07-19 09:15:00,980 - main.py:302 - mylogger - Test item: function2
2017-07-19 09:15:01,185 - main.py:302 - mylogger - Test item: function3
2017-07-19 09:15:01,297 - main.py:302 - mylogger - Test item: function4
2017-07-19 09:15:01,498 - main.py:302 - mylogger - Test item: function5
2017-07-19 09:15:01,901 - main.py:302 - mylogger - Test item: function6
2017-07-19 09:15:02,206 - main.py:302 - mylogger - Test item: function7
2017-07-19 09:15:02,710 - main.py:302 - mylogger - Test item: function8
2017-07-19 09:15:02,917 - main.py:302 - mylogger - Test item: function9
2017-07-19 09:15:02,963 - main.py:302 - mylogger - total time： 2.71
2017-07-19 09:15:03,639 - main.py:302 - mylogger - Test item: function1
2017-07-19 09:15:03,944 - main.py:302 - mylogger - Test item: function2
2017-07-19 09:15:04,152 - main.py:302 - mylogger - Test item: function3
2017-07-19 09:15:04,256 - main.py:302 - mylogger - Test item: function4
2017-07-19 09:15:04,461 - main.py:302 - mylogger - Test item: function5
2017-07-19 09:15:04,866 - main.py:302 - mylogger - Test item: function6
2017-07-19 09:15:05,171 - main.py:302 - mylogger - Test item: function7
2017-07-19 09:15:05,675 - main.py:302 - mylogger - Test item: function8
2017-07-19 09:15:05,878 - main.py:302 - mylogger - Test item: function9
2017-07-19 09:15:05,933 - main.py:302 - mylogger - total time： 2.71
2017-07-19 09:15:06,603 - main.py:302 - mylogger - Test item: function1
2017-07-19 09:15:06,905 - main.py:302 - mylogger - Test item: function2
2017-07-19 09:15:07,116 - main.py:302 - mylogger - Test item: function3
2017-07-19 09:15:07,233 - main.py:302 - mylogger - Test item: function4
2017-07-19 09:15:07,435 - main.py:302 - mylogger - Test item: function5
2017-07-19 09:15:07,840 - main.py:302 - mylogger - Test item: function6
2017-07-19 09:15:08,144 - main.py:302 - mylogger - Test item: function7
2017-07-19 09:15:08,650 - main.py:302 - mylogger - Test item: function8
2017-07-19 09:15:08,865 - main.py:302 - mylogger - Test item: function9
2017-07-19 09:15:08,907 - main.py:302 - mylogger - total time： 2.72
2017-07-19 09:15:09,583 - main.py:302 - mylogger - Test item: function1
2017-07-19 09:15:09,886 - main.py:302 - mylogger - Test item: function2
2017-07-19 09:15:10,090 - main.py:302 - mylogger - Test item: function3
2017-07-19 09:15:10,193 - main.py:302 - mylogger - Test item: function4
2017-07-19 09:15:10,396 - main.py:302 - mylogger - Test item: function5
2017-07-19 09:15:10,802 - main.py:302 - mylogger - Test item: function6
2017-07-19 09:15:11,104 - main.py:302 - mylogger - Test item: function7
2017-07-19 09:15:11,609 - main.py:302 - mylogger - Test item: function8
2017-07-19 09:15:11,821 - main.py:302 - mylogger - Test item: function9
2017-07-19 09:15:11,868 - main.py:302 - mylogger - total time： 2.70
2017-07-19 09:15:12,549 - main.py:302 - mylogger - Test item: function1
2017-07-19 09:15:12,854 - main.py:302 - mylogger - Test item: function2
2017-07-19 09:15:13,057 - main.py:302 - mylogger - Test item: function3
2017-07-19 09:15:13,183 - main.py:302 - mylogger - Test item: function4
2017-07-19 09:15:13,392 - main.py:302 - mylogger - Test item: function5
2017-07-19 09:15:13,796 - main.py:302 - mylogger - Test item: function6
2017-07-19 09:15:14,099 - main.py:302 - mylogger - Test item: function7
2017-07-19 09:15:14,600 - main.py:302 - mylogger - Test item: function8
2017-07-19 09:15:14,806 - main.py:302 - mylogger - Test item: function9
2017-07-19 09:15:14,871 - main.py:302 - mylogger - total time： 2.71
2017-07-19 09:15:15,535 - main.py:302 - mylogger - Test item: function1
2017-07-19 09:15:15,840 - main.py:302 - mylogger - Test item: function2
2017-07-19 09:15:16,052 - main.py:302 - mylogger - Test item: function3
2017-07-19 09:15:16,157 - main.py:302 - mylogger - Test item: function4
2017-07-19 09:15:16,361 - main.py:302 - mylogger - Test item: function5
2017-07-19 09:15:16,767 - main.py:302 - mylogger - Test item: function6
2017-07-19 09:15:17,072 - main.py:302 - mylogger - Test item: function7
2017-07-19 09:15:17,575 - main.py:302 - mylogger - Test item: function8
2017-07-19 09:15:17,788 - main.py:302 - mylogger - Test item: function9
2017-07-19 09:15:17,841 - main.py:302 - mylogger - total time： 2.70
2017-07-19 09:15:18,513 - main.py:302 - mylogger - Test item: function1
2017-07-19 09:15:18,813 - main.py:302 - mylogger - Test item: function2
2017-07-19 09:15:19,019 - main.py:302 - mylogger - Test item: function3
2017-07-19 09:15:19,132 - main.py:302 - mylogger - Test item: function4
2017-07-19 09:15:19,344 - main.py:302 - mylogger - Test item: function5
2017-07-19 09:15:19,747 - main.py:302 - mylogger - Test item: function6
2017-07-19 09:15:20,059 - main.py:302 - mylogger - Test item: function7
2017-07-19 09:15:20,570 - main.py:302 - mylogger - Test item: function8
2017-07-19 09:15:20,781 - main.py:302 - mylogger - Test item: function9
2017-07-19 09:15:20,821 - main.py:302 - mylogger - total time： 2.72
2017-07-19 09:15:21,501 - main.py:302 - mylogger - Test item: function1
2017-07-19 09:15:21,803 - main.py:302 - mylogger - Test item: function2
2017-07-19 09:15:22,007 - main.py:302 - mylogger - Test item: function3
2017-07-19 09:15:22,111 - main.py:302 - mylogger - Test item: function4
2017-07-19 09:15:22,313 - main.py:302 - mylogger - Test item: function5
2017-07-19 09:15:22,719 - main.py:302 - mylogger - Test item: function6
2017-07-19 09:15:23,028 - main.py:302 - mylogger - Test item: function7
2017-07-19 09:15:23,539 - main.py:302 - mylogger - Test item: function8
2017-07-19 09:15:23,744 - main.py:302 - mylogger - Test item: function9
2017-07-19 09:15:23,789 - main.py:302 - mylogger - total time： 2.71
2017-07-19 09:15:24,465 - main.py:302 - mylogger - Test item: function1
2017-07-19 09:15:24,773 - main.py:302 - mylogger - Test item: function2
2017-07-19 09:15:24,975 - main.py:302 - mylogger - Test item: function3
2017-07-19 09:15:25,087 - main.py:302 - mylogger - Test item: function4
2017-07-19 09:15:25,289 - main.py:302 - mylogger - Test item: function5
2017-07-19 09:15:25,691 - main.py:302 - mylogger - Test item: function6
2017-07-19 09:15:26,005 - main.py:302 - mylogger - Test item: function7
2017-07-19 09:15:26,509 - main.py:302 - mylogger - Test item: function8
2017-07-19 09:15:26,721 - main.py:302 - mylogger - Test item: function9
2017-07-19 09:15:26,773 - main.py:302 - mylogger - total time： 2.71
2017-07-19 09:15:27,449 - main.py:302 - mylogger - Test item: function1
2017-07-19 09:15:27,755 - main.py:302 - mylogger - Test item: function2
2017-07-19 09:15:27,969 - main.py:302 - mylogger - Test item: function3
2017-07-19 09:15:28,085 - main.py:302 - mylogger - Test item: function4
2017-07-19 09:15:28,294 - main.py:302 - mylogger - Test item: function5
2017-07-19 09:15:28,698 - main.py:302 - mylogger - Test item: function6
2017-07-19 09:15:29,003 - main.py:302 - mylogger - Test item: function7
2017-07-19 09:15:29,511 - main.py:302 - mylogger - Test item: function8
2017-07-19 09:15:29,711 - main.py:302 - mylogger - Test item: function9
2017-07-19 09:15:29,767 - main.py:302 - mylogger - total time： 2.71
2017-07-19 09:15:30,430 - main.py:302 - mylogger - Test item: function1
2017-07-19 09:15:30,738 - main.py:302 - mylogger - Test item: function2
2017-07-19 09:15:30,943 - main.py:302 - mylogger - Test item: function3
2017-07-19 09:15:31,044 - main.py:302 - mylogger - Test item: function4
2017-07-19 09:15:31,250 - main.py:302 - mylogger - Test item: function5
2017-07-19 09:15:31,651 - main.py:302 - mylogger - Test item: function6
2017-07-19 09:15:31,954 - main.py:302 - mylogger - Test item: function7
2017-07-19 09:15:32,458 - main.py:302 - mylogger - Test item: function8
2017-07-19 09:15:32,660 - main.py:302 - mylogger - Test item: function9
2017-07-19 09:15:32,708 - main.py:302 - mylogger - total time： 2.71
2017-07-19 09:15:33,378 - main.py:302 - mylogger - Test item: function1
2017-07-19 09:15:33,681 - main.py:302 - mylogger - Test item: function2
2017-07-19 09:15:33,882 - main.py:302 - mylogger - Test item: function3
2017-07-19 09:15:33,984 - main.py:302 - mylogger - Test item: function4
2017-07-19 09:15:34,196 - main.py:302 - mylogger - Test item: function5
2017-07-19 09:15:34,597 - main.py:302 - mylogger - Test item: function6
2017-07-19 09:15:34,908 - main.py:302 - mylogger - Test item: function7
2017-07-19 09:15:35,412 - main.py:302 - mylogger - Test item: function8
2017-07-19 09:15:35,617 - main.py:302 - mylogger - Test item: function9
2017-07-19 09:15:35,661 - main.py:302 - mylogger - total time： 2.70
2017-07-19 09:15:36,336 - main.py:302 - mylogger - Test item: function1
2017-07-19 09:15:36,641 - main.py:302 - mylogger - Test item: function2
2017-07-19 09:15:36,852 - main.py:302 - mylogger - Test item: function3
2017-07-19 09:15:36,958 - main.py:302 - mylogger - Test item: function4
2017-07-19 09:15:37,162 - main.py:302 - mylogger - Test item: function5
2017-07-19 09:15:37,566 - main.py:302 - mylogger - Test item: function6
2017-07-19 09:15:37,877 - main.py:302 - mylogger - Test item: function7
2017-07-19 09:15:38,386 - main.py:302 - mylogger - Test item: function8
2017-07-19 09:15:38,598 - main.py:302 - mylogger - Test item: function9
2017-07-19 09:15:38,641 - main.py:302 - mylogger - total time： 2.70
2017-07-19 09:15:39,323 - main.py:302 - mylogger - Test item: function1
2017-07-19 09:15:39,625 - main.py:302 - mylogger - Test item: function2
2017-07-19 09:15:39,835 - main.py:302 - mylogger - Test item: function3
2017-07-19 09:15:39,941 - main.py:302 - mylogger - Test item: function4
2017-07-19 09:15:40,152 - main.py:302 - mylogger - Test item: function5
2017-07-19 09:15:40,556 - main.py:302 - mylogger - Test item: function6
2017-07-19 09:15:40,866 - main.py:302 - mylogger - Test item: function7
2017-07-19 09:15:41,372 - main.py:302 - mylogger - Test item: function8
2017-07-19 09:15:41,577 - main.py:302 - mylogger - Test item: function9
2017-07-19 09:15:41,623 - main.py:302 - mylogger - total time： 2.72
2017-07-19 09:15:42,302 - main.py:302 - mylogger - Test item: function1
2017-07-19 09:15:42,608 - main.py:302 - mylogger - Test item: function2
2017-07-19 09:15:42,818 - main.py:302 - mylogger - Test item: function3
2017-07-19 09:15:42,925 - main.py:302 - mylogger - Test item: function4
2017-07-19 09:15:43,137 - main.py:302 - mylogger - Test item: function5
2017-07-19 09:15:43,539 - main.py:302 - mylogger - Test item: function6
2017-07-19 09:15:43,844 - main.py:302 - mylogger - Test item: function7
2017-07-19 09:15:44,353 - main.py:302 - mylogger - Test item: function8
2017-07-19 09:15:44,559 - main.py:302 - mylogger - Test item: function9
2017-07-19 09:15:44,593 - main.py:302 - mylogger - total time： 2.72
2017-07-19 09:15:45,277 - main.py:302 - mylogger - Test item: function1
2017-07-19 09:15:45,582 - main.py:302 - mylogger - Test item: function2
2017-07-19 09:15:45,785 - main.py:302 - mylogger - Test item: function3
2017-07-19 09:15:45,890 - main.py:302 - mylogger - Test item: function4
2017-07-19 09:15:46,095 - main.py:302 - mylogger - Test item: function5
2017-07-19 09:15:46,509 - main.py:302 - mylogger - Test item: function6
2017-07-19 09:15:46,815 - main.py:302 - mylogger - Test item: function7
2017-07-19 09:15:47,319 - main.py:302 - mylogger - Test item: function8
2017-07-19 09:15:47,522 - main.py:302 - mylogger - Test item: function9
2017-07-19 09:15:47,567 - main.py:302 - mylogger - total time： 2.72
2017-07-19 09:15:48,235 - main.py:302 - mylogger - Test item: function1
2017-07-19 09:15:48,540 - main.py:302 - mylogger - Test item: function2
2017-07-19 09:15:48,742 - main.py:302 - mylogger - Test item: function3
2017-07-19 09:15:48,852 - main.py:302 - mylogger - Test item: function4
2017-07-19 09:15:49,055 - main.py:302 - mylogger - Test item: function5
2017-07-19 09:15:49,461 - main.py:302 - mylogger - Test item: function6
2017-07-19 09:15:49,766 - main.py:302 - mylogger - Test item: function7
2017-07-19 09:15:50,280 - main.py:302 - mylogger - Test item: function8
2017-07-19 09:15:50,482 - main.py:302 - mylogger - Test item: function9
2017-07-19 09:15:50,527 - main.py:302 - mylogger - total time： 2.73
2017-07-19 09:15:51,208 - main.py:302 - mylogger - Test item: function1
2017-07-19 09:15:51,518 - main.py:302 - mylogger - Test item: function2
2017-07-19 09:15:51,720 - main.py:302 - mylogger - Test item: function3
2017-07-19 09:15:51,834 - main.py:302 - mylogger - Test item: function4
2017-07-19 09:15:52,036 - main.py:302 - mylogger - Test item: function5
2017-07-19 09:15:52,438 - main.py:302 - mylogger - Test item: function6
2017-07-19 09:15:52,751 - main.py:302 - mylogger - Test item: function7
2017-07-19 09:15:53,256 - main.py:302 - mylogger - Test item: function8
2017-07-19 09:15:53,466 - main.py:302 - mylogger - Test item: function9
2017-07-19 09:15:53,512 - main.py:302 - mylogger - total time： 2.71
2017-07-19 09:15:54,185 - main.py:302 - mylogger - Test item: function1
2017-07-19 09:15:54,486 - main.py:302 - mylogger - Test item: function2
2017-07-19 09:15:54,689 - main.py:302 - mylogger - Test item: function3
2017-07-19 09:15:54,801 - main.py:302 - mylogger - Test item: function4
2017-07-19 09:15:55,010 - main.py:302 - mylogger - Test item: function5
2017-07-19 09:15:55,421 - main.py:302 - mylogger - Test item: function6
2017-07-19 09:15:55,723 - main.py:302 - mylogger - Test item: function7
2017-07-19 09:15:56,225 - main.py:302 - mylogger - Test item: function8
2017-07-19 09:15:56,436 - main.py:302 - mylogger - Test item: function9
2017-07-19 09:15:56,481 - main.py:302 - mylogger - total time： 2.70
2017-07-19 09:15:57,153 - main.py:302 - mylogger - Test item: function1
2017-07-19 09:15:57,457 - main.py:302 - mylogger - Test item: function2
2017-07-19 09:15:57,670 - main.py:302 - mylogger - Test item: function3
2017-07-19 09:15:57,786 - main.py:302 - mylogger - Test item: function4
2017-07-19 09:15:57,987 - main.py:302 - mylogger - Test item: function5
2017-07-19 09:15:58,400 - main.py:302 - mylogger - Test item: function6
2017-07-19 09:15:58,705 - main.py:302 - mylogger - Test item: function7
2017-07-19 09:15:59,215 - main.py:302 - mylogger - Test item: function8
2017-07-19 09:15:59,416 - main.py:302 - mylogger - Test item: function9
2017-07-19 09:15:59,458 - main.py:302 - mylogger - total time： 2.72
2017-07-19 09:16:00,132 - main.py:302 - mylogger - Test item: function1
2017-07-19 09:16:00,437 - main.py:302 - mylogger - Test item: function2
2017-07-19 09:16:00,640 - main.py:302 - mylogger - Test item: function3
2017-07-19 09:16:00,744 - main.py:302 - mylogger - Test item: function4
2017-07-19 09:16:00,948 - main.py:302 - mylogger - Test item: function5
2017-07-19 09:16:01,352 - main.py:302 - mylogger - Test item: function6
2017-07-19 09:16:01,657 - main.py:302 - mylogger - Test item: function7
2017-07-19 09:16:02,169 - main.py:302 - mylogger - Test item: function8
2017-07-19 09:16:02,379 - main.py:302 - mylogger - Test item: function9
2017-07-19 09:16:02,433 - main.py:302 - mylogger - total time： 2.71
2017-07-19 09:16:03,103 - main.py:302 - mylogger - Test item: function1
2017-07-19 09:16:03,409 - main.py:302 - mylogger - Test item: function2
2017-07-19 09:16:03,611 - main.py:302 - mylogger - Test item: function3
2017-07-19 09:16:03,714 - main.py:302 - mylogger - Test item: function4
2017-07-19 09:16:03,914 - main.py:302 - mylogger - Test item: function5
2017-07-19 09:16:04,318 - main.py:302 - mylogger - Test item: function6
2017-07-19 09:16:04,624 - main.py:302 - mylogger - Test item: function7
2017-07-19 09:16:05,132 - main.py:302 - mylogger - Test item: function8
2017-07-19 09:16:05,341 - main.py:302 - mylogger - Test item: function9
2017-07-19 09:16:05,383 - main.py:302 - mylogger - total time： 2.71
2017-07-19 09:16:06,067 - main.py:302 - mylogger - Test item: function1
2017-07-19 09:16:06,377 - main.py:302 - mylogger - Test item: function2
2017-07-19 09:16:06,586 - main.py:302 - mylogger - Test item: function3
2017-07-19 09:16:06,690 - main.py:302 - mylogger - Test item: function4
2017-07-19 09:16:06,892 - main.py:302 - mylogger - Test item: function5
2017-07-19 09:16:07,297 - main.py:302 - mylogger - Test item: function6
2017-07-19 09:16:07,608 - main.py:302 - mylogger - Test item: function7
2017-07-19 09:16:08,112 - main.py:302 - mylogger - Test item: function8
2017-07-19 09:16:08,314 - main.py:302 - mylogger - Test item: function9
2017-07-19 09:16:08,357 - main.py:302 - mylogger - total time： 2.71
2017-07-19 09:16:09,032 - main.py:302 - mylogger - Test item: function1
2017-07-19 09:16:09,333 - main.py:302 - mylogger - Test item: function2
2017-07-19 09:16:09,542 - main.py:302 - mylogger - Test item: function3
2017-07-19 09:16:09,645 - main.py:302 - mylogger - Test item: function4
2017-07-19 09:16:09,857 - main.py:302 - mylogger - Test item: function5
2017-07-19 09:16:10,261 - main.py:302 - mylogger - Test item: function6
2017-07-19 09:16:10,573 - main.py:302 - mylogger - Test item: function7
2017-07-19 09:16:11,083 - main.py:302 - mylogger - Test item: function8
2017-07-19 09:16:11,286 - main.py:302 - mylogger - Test item: function9
2017-07-19 09:16:11,333 - main.py:302 - mylogger - total time： 2.71
2017-07-19 09:16:12,001 - main.py:302 - mylogger - Test item: function1
2017-07-19 09:16:12,306 - main.py:302 - mylogger - Test item: function2
2017-07-19 09:16:12,515 - main.py:302 - mylogger - Test item: function3
2017-07-19 09:16:12,619 - main.py:302 - mylogger - Test item: function4
2017-07-19 09:16:12,829 - main.py:302 - mylogger - Test item: function5
2017-07-19 09:16:13,232 - main.py:302 - mylogger - Test item: function6
2017-07-19 09:16:13,536 - main.py:302 - mylogger - Test item: function7
2017-07-19 09:16:14,042 - main.py:302 - mylogger - Test item: function8
2017-07-19 09:16:14,244 - main.py:302 - mylogger - Test item: function9
2017-07-19 09:16:14,276 - main.py:302 - mylogger - total time： 2.71
2017-07-19 09:16:14,957 - main.py:302 - mylogger - Test item: function1
2017-07-19 09:16:15,258 - main.py:302 - mylogger - Test item: function2
2017-07-19 09:16:15,461 - main.py:302 - mylogger - Test item: function3
2017-07-19 09:16:15,573 - main.py:302 - mylogger - Test item: function4
2017-07-19 09:16:15,786 - main.py:302 - mylogger - Test item: function5
2017-07-19 09:16:16,193 - main.py:302 - mylogger - Test item: function6
2017-07-19 09:16:16,506 - main.py:302 - mylogger - Test item: function7
2017-07-19 09:16:17,009 - main.py:302 - mylogger - Test item: function8
2017-07-19 09:16:17,208 - main.py:302 - mylogger - Test item: function9
2017-07-19 09:16:17,254 - main.py:302 - mylogger - total time： 2.72
2017-07-19 09:16:17,923 - main.py:302 - mylogger - Test item: function1
2017-07-19 09:16:18,227 - main.py:302 - mylogger - Test item: function2
2017-07-19 09:16:18,431 - main.py:302 - mylogger - Test item: function3
2017-07-19 09:16:18,534 - main.py:302 - mylogger - Test item: function4
2017-07-19 09:16:18,737 - main.py:302 - mylogger - Test item: function5
2017-07-19 09:16:19,149 - main.py:302 - mylogger - Test item: function6
2017-07-19 09:16:19,454 - main.py:302 - mylogger - Test item: function7
2017-07-19 09:16:19,960 - main.py:302 - mylogger - Test item: function8
2017-07-19 09:16:20,169 - main.py:302 - mylogger - Test item: function9
2017-07-19 09:16:20,214 - main.py:302 - mylogger - total time： 2.73
2017-07-19 09:16:20,895 - main.py:302 - mylogger - Test item: function1
2017-07-19 09:16:21,200 - main.py:302 - mylogger - Test item: function2
2017-07-19 09:16:21,407 - main.py:302 - mylogger - Test item: function3
2017-07-19 09:16:21,510 - main.py:302 - mylogger - Test item: function4
2017-07-19 09:16:21,720 - main.py:302 - mylogger - Test item: function5
2017-07-19 09:16:22,125 - main.py:302 - mylogger - Test item: function6
2017-07-19 09:16:22,427 - main.py:302 - mylogger - Test item: function7
2017-07-19 09:16:22,931 - main.py:302 - mylogger - Test item: function8
2017-07-19 09:16:23,135 - main.py:302 - mylogger - Test item: function9
2017-07-19 09:16:23,182 - main.py:302 - mylogger - total time： 2.70
2017-07-19 09:16:23,862 - main.py:302 - mylogger - Test item: function1
2017-07-19 09:16:24,169 - main.py:302 - mylogger - Test item: function2
2017-07-19 09:16:24,371 - main.py:302 - mylogger - Test item: function3
2017-07-19 09:16:24,482 - main.py:302 - mylogger - Test item: function4
2017-07-19 09:16:24,694 - main.py:302 - mylogger - Test item: function5
2017-07-19 09:16:25,098 - main.py:302 - mylogger - Test item: function6
2017-07-19 09:16:25,402 - main.py:302 - mylogger - Test item: function7
2017-07-19 09:16:25,910 - main.py:302 - mylogger - Test item: function8
2017-07-19 09:16:26,113 - main.py:302 - mylogger - Test item: function9
2017-07-19 09:16:26,162 - main.py:302 - mylogger - total time： 2.70
2017-07-19 09:16:26,834 - main.py:302 - mylogger - Test item: function1
2017-07-19 09:16:27,136 - main.py:302 - mylogger - Test item: function2
2017-07-19 09:16:27,339 - main.py:302 - mylogger - Test item: function3
2017-07-19 09:16:27,449 - main.py:302 - mylogger - Test item: function4
2017-07-19 09:16:27,650 - main.py:302 - mylogger - Test item: function5
2017-07-19 09:16:28,059 - main.py:302 - mylogger - Test item: function6
2017-07-19 09:16:28,360 - main.py:302 - mylogger - Test item: function7
2017-07-19 09:16:28,862 - main.py:302 - mylogger - Test item: function8
2017-07-19 09:16:29,073 - main.py:302 - mylogger - Test item: function9
2017-07-19 09:16:29,116 - main.py:302 - mylogger - total time： 2.71
2017-07-19 09:16:29,790 - main.py:302 - mylogger - Test item: function1
2017-07-19 09:16:30,095 - main.py:302 - mylogger - Test item: function2
2017-07-19 09:16:30,299 - main.py:302 - mylogger - Test item: function3
2017-07-19 09:16:30,404 - main.py:302 - mylogger - Test item: function4
2017-07-19 09:16:30,611 - main.py:302 - mylogger - Test item: function5
2017-07-19 09:16:31,017 - main.py:302 - mylogger - Test item: function6
2017-07-19 09:16:31,327 - main.py:302 - mylogger - Test item: function7
2017-07-19 09:16:31,833 - main.py:302 - mylogger - Test item: function8
2017-07-19 09:16:32,036 - main.py:302 - mylogger - Test item: function9
2017-07-19 09:16:32,085 - main.py:302 - mylogger - total time： 2.71
2017-07-19 09:16:32,755 - main.py:302 - mylogger - Test item: function1
2017-07-19 09:16:33,060 - main.py:302 - mylogger - Test item: function2
2017-07-19 09:16:33,272 - main.py:302 - mylogger - Test item: function3
2017-07-19 09:16:33,387 - main.py:302 - mylogger - Test item: function4
2017-07-19 09:16:33,592 - main.py:302 - mylogger - Test item: function5
2017-07-19 09:16:33,995 - main.py:302 - mylogger - Test item: function6
2017-07-19 09:16:34,299 - main.py:302 - mylogger - Test item: function7
2017-07-19 09:16:34,804 - main.py:302 - mylogger - Test item: function8
2017-07-19 09:16:35,006 - main.py:302 - mylogger - Test item: function9
2017-07-19 09:16:35,053 - main.py:302 - mylogger - total time： 2.71
2017-07-19 09:16:35,727 - main.py:302 - mylogger - Test item: function1
2017-07-19 09:16:36,031 - main.py:302 - mylogger - Test item: function2
2017-07-19 09:16:36,241 - main.py:302 - mylogger - Test item: function3
2017-07-19 09:16:36,346 - main.py:302 - mylogger - Test item: function4
2017-07-19 09:16:36,548 - main.py:302 - mylogger - Test item: function5
2017-07-19 09:16:36,960 - main.py:302 - mylogger - Test item: function6
2017-07-19 09:16:37,272 - main.py:302 - mylogger - Test item: function7
2017-07-19 09:16:37,777 - main.py:302 - mylogger - Test item: function8
2017-07-19 09:16:37,981 - main.py:302 - mylogger - Test item: function9
2017-07-19 09:16:38,027 - main.py:302 - mylogger - total time： 2.71
2017-07-19 09:16:38,704 - main.py:302 - mylogger - Test item: function1
2017-07-19 09:16:39,010 - main.py:302 - mylogger - Test item: function2
2017-07-19 09:16:39,212 - main.py:302 - mylogger - Test item: function3
2017-07-19 09:16:39,315 - main.py:302 - mylogger - Test item: function4
2017-07-19 09:16:39,528 - main.py:302 - mylogger - Test item: function5
2017-07-19 09:16:39,938 - main.py:302 - mylogger - Test item: function6
2017-07-19 09:16:40,249 - main.py:302 - mylogger - Test item: function7
2017-07-19 09:16:40,759 - main.py:302 - mylogger - Test item: function8
2017-07-19 09:16:40,969 - main.py:302 - mylogger - Test item: function9
2017-07-19 09:16:41,015 - main.py:302 - mylogger - total time： 2.72
2017-07-19 09:16:41,690 - main.py:302 - mylogger - Test item: function1
2017-07-19 09:16:41,992 - main.py:302 - mylogger - Test item: function2
2017-07-19 09:16:42,192 - main.py:302 - mylogger - Test item: function3
2017-07-19 09:16:42,304 - main.py:302 - mylogger - Test item: function4
2017-07-19 09:16:42,506 - main.py:302 - mylogger - Test item: function5
2017-07-19 09:16:42,910 - main.py:302 - mylogger - Test item: function6
2017-07-19 09:16:43,212 - main.py:302 - mylogger - Test item: function7
2017-07-19 09:16:43,716 - main.py:302 - mylogger - Test item: function8
2017-07-19 09:16:43,918 - main.py:302 - mylogger - Test item: function9
2017-07-19 09:16:43,964 - main.py:302 - mylogger - total time： 2.70
2017-07-19 09:16:44,631 - main.py:302 - mylogger - Test item: function1
2017-07-19 09:16:44,936 - main.py:302 - mylogger - Test item: function2
2017-07-19 09:16:45,146 - main.py:302 - mylogger - Test item: function3
2017-07-19 09:16:45,263 - main.py:302 - mylogger - Test item: function4
2017-07-19 09:16:45,467 - main.py:302 - mylogger - Test item: function5
2017-07-19 09:16:45,880 - main.py:302 - mylogger - Test item: function6
2017-07-19 09:16:46,185 - main.py:302 - mylogger - Test item: function7
2017-07-19 09:16:46,690 - main.py:302 - mylogger - Test item: function8
2017-07-19 09:16:46,891 - main.py:302 - mylogger - Test item: function9
2017-07-19 09:16:46,939 - main.py:302 - mylogger - total time： 2.71
2017-07-19 09:16:47,616 - main.py:302 - mylogger - Test item: function1
2017-07-19 09:16:47,918 - main.py:302 - mylogger - Test item: function2
2017-07-19 09:16:48,128 - main.py:302 - mylogger - Test item: function3
2017-07-19 09:16:48,249 - main.py:302 - mylogger - Test item: function4
2017-07-19 09:16:48,454 - main.py:302 - mylogger - Test item: function5
2017-07-19 09:16:48,859 - main.py:302 - mylogger - Test item: function6
2017-07-19 09:16:49,164 - main.py:302 - mylogger - Test item: function7
2017-07-19 09:16:49,667 - main.py:302 - mylogger - Test item: function8
2017-07-19 09:16:49,876 - main.py:302 - mylogger - Test item: function9
2017-07-19 09:16:49,919 - main.py:302 - mylogger - total time： 2.71
2017-07-19 10:08:53,824 - login.py:40 - mylogger - Administrator login
2017-07-19 10:11:50,041 - login.py:40 - mylogger - Administrator login
2017-07-19 10:12:45,723 - login.py:40 - mylogger - Administrator login
2017-07-19 10:15:12,001 - login.py:40 - mylogger - Administrator login
2017-07-19 10:15:28,034 - login.py:40 - mylogger - Administrator login
2017-07-19 10:25:09,172 - login.py:40 - mylogger - Administrator login
2017-07-19 10:43:08,840 - login.py:40 - mylogger - Administrator login
2017-07-19 10:43:42,163 - login.py:40 - mylogger - Administrator login
2017-07-19 10:44:09,088 - login.py:40 - mylogger - Administrator login
2017-07-19 10:44:40,264 - login.py:40 - mylogger - Administrator login
2017-07-19 10:48:17,956 - login.py:40 - mylogger - Administrator login
2017-07-19 10:52:55,541 - login.py:40 - mylogger - Administrator login
2017-07-19 10:53:33,931 - login.py:40 - mylogger - Administrator login
2017-07-19 10:54:33,470 - login.py:40 - mylogger - Administrator login
2017-07-19 10:56:16,068 - login.py:40 - mylogger - Administrator login
2017-07-19 10:58:10,473 - login.py:40 - mylogger - Administrator login
2017-07-19 10:58:31,544 - login.py:40 - mylogger - Administrator login
2017-07-19 10:59:23,669 - login.py:40 - mylogger - Administrator login
2017-07-19 11:00:40,958 - login.py:40 - mylogger - Administrator login
2017-07-19 11:02:23,320 - login.py:40 - mylogger - Administrator login
2017-07-19 11:05:27,577 - login.py:40 - mylogger - Administrator login
2017-07-19 11:06:01,566 - login.py:40 - mylogger - Administrator login
2017-07-19 11:06:31,982 - login.py:40 - mylogger - Administrator login
2017-07-19 11:09:22,565 - login.py:40 - mylogger - Administrator login
2017-07-19 11:09:58,451 - login.py:40 - mylogger - Administrator login
2017-07-19 13:37:40,780 - login.py:40 - mylogger - Administrator login
2017-07-19 13:43:11,595 - login.py:40 - mylogger - Administrator login
2017-07-19 13:43:32,124 - login.py:40 - mylogger - Administrator login
2017-07-19 13:46:13,574 - login.py:40 - mylogger - Administrator login
2017-07-19 14:16:19,303 - login.py:40 - mylogger - Administrator login
2017-07-19 14:16:22,121 - main.py:313 - mylogger - first info message!
2017-07-19 14:16:22,358 - main.py:313 - mylogger - Test item: function1
2017-07-19 14:16:22,363 - main.py:313 - mylogger - Skip item: function2
2017-07-19 14:16:22,652 - main.py:313 - mylogger - Test item: function1
2017-07-19 14:16:22,684 - main.py:313 - mylogger - Test item: function3
2017-07-19 14:16:22,954 - main.py:313 - mylogger - Test item: function2
2017-07-19 14:16:23,158 - main.py:313 - mylogger - Test item: function3
2017-07-19 14:16:23,202 - main.py:313 - mylogger - Test item: function4
2017-07-19 14:16:23,260 - main.py:313 - mylogger - Test item: function4
2017-07-19 14:16:23,462 - main.py:313 - mylogger - Test item: function5
2017-07-19 14:16:23,565 - main.py:313 - mylogger - Test item: function5
2017-07-19 14:16:23,770 - main.py:313 - mylogger - Test item: function6
2017-07-19 14:16:23,867 - main.py:313 - mylogger - Test item: function6
2017-07-19 14:16:24,074 - main.py:313 - mylogger - Test item: function7
2017-07-19 14:16:24,176 - main.py:313 - mylogger - Test item: function7
2017-07-19 14:16:24,475 - main.py:313 - mylogger - Test item: function8
2017-07-19 14:16:24,681 - main.py:313 - mylogger - Test item: function8
2017-07-19 14:16:24,882 - main.py:313 - mylogger - Test item: function9
2017-07-19 14:16:24,923 - main.py:313 - mylogger - total time： 2.70
2017-07-19 14:16:24,984 - main.py:313 - mylogger - Test item: function9
2017-07-19 14:16:25,182 - main.py:313 - mylogger - Test item: function10
2017-07-19 14:16:25,587 - main.py:313 - mylogger - Test item: function11
2017-07-19 14:16:25,619 - main.py:313 - mylogger - total time： 3.40
2017-07-19 14:23:28,553 - login.py:40 - mylogger - Administrator login
2017-07-19 14:23:30,713 - main.py:313 - mylogger - first info message!
2017-07-19 14:23:30,949 - main.py:313 - mylogger - Test item: function1
2017-07-19 14:23:30,986 - main.py:313 - mylogger - Skip item: function2
2017-07-19 14:23:31,236 - main.py:313 - mylogger - Test item: function1
2017-07-19 14:23:31,267 - main.py:313 - mylogger - Test item: function3
2017-07-19 14:23:31,540 - main.py:313 - mylogger - Test item: function2
2017-07-19 14:23:31,744 - main.py:313 - mylogger - Test item: function3
2017-07-19 14:23:31,789 - main.py:313 - mylogger - Test item: function4
2017-07-19 14:23:31,847 - main.py:313 - mylogger - Test item: function4
2017-07-19 14:23:32,051 - main.py:313 - mylogger - Test item: function5
2017-07-19 14:23:32,166 - main.py:313 - mylogger - Test item: function5
2017-07-19 14:23:32,369 - main.py:313 - mylogger - Test item: function6
2017-07-19 14:23:32,458 - main.py:313 - mylogger - Test item: function6
2017-07-19 14:23:32,671 - main.py:313 - mylogger - Test item: function7
2017-07-19 14:23:32,760 - main.py:313 - mylogger - Test item: function7
2017-07-19 14:23:33,073 - main.py:313 - mylogger - Test item: function8
2017-07-19 14:23:33,266 - main.py:313 - mylogger - Test item: function8
2017-07-19 14:23:33,472 - main.py:313 - mylogger - Test item: function9
2017-07-19 14:23:33,504 - main.py:313 - mylogger - total time： 2.70
2017-07-19 14:23:33,575 - main.py:313 - mylogger - Test item: function9
2017-07-19 14:23:33,779 - main.py:313 - mylogger - Test item: function10
2017-07-19 14:23:34,184 - main.py:313 - mylogger - Test item: function11
2017-07-19 14:23:34,218 - main.py:313 - mylogger - total time： 3.40
2017-07-19 14:27:23,919 - login.py:40 - mylogger - Administrator login
2017-07-19 14:36:09,087 - login.py:40 - mylogger - Administrator login
2017-07-19 14:36:11,008 - main.py:311 - mylogger - first info message!
2017-07-19 14:36:11,248 - main.py:311 - mylogger - Test item: function1
2017-07-19 14:36:11,253 - main.py:311 - mylogger - Skip item: function2
2017-07-19 14:36:11,533 - main.py:311 - mylogger - Test item: function1
2017-07-19 14:36:11,565 - main.py:311 - mylogger - Test item: function3
2017-07-19 14:36:11,835 - main.py:311 - mylogger - Test item: function2
2017-07-19 14:36:12,038 - main.py:311 - mylogger - Test item: function3
2017-07-19 14:36:12,081 - main.py:311 - mylogger - Test item: function4
2017-07-19 14:36:12,141 - main.py:311 - mylogger - Test item: function4
2017-07-19 14:36:12,346 - main.py:311 - mylogger - Test item: function5
2017-07-19 14:36:12,455 - main.py:311 - mylogger - Test item: function5
2017-07-19 14:36:12,658 - main.py:311 - mylogger - Test item: function6
2017-07-19 14:36:12,749 - main.py:311 - mylogger - Test item: function6
2017-07-19 14:36:12,963 - main.py:311 - mylogger - Test item: function7
2017-07-19 14:36:13,052 - main.py:311 - mylogger - Test item: function7
2017-07-19 14:36:13,364 - main.py:311 - mylogger - Test item: function8
2017-07-19 14:36:13,555 - main.py:311 - mylogger - Test item: function8
2017-07-19 14:36:13,758 - main.py:311 - mylogger - Test item: function9
2017-07-19 14:36:13,790 - main.py:311 - mylogger - total time： 2.70
2017-07-19 14:36:13,884 - main.py:311 - mylogger - Test item: function9
2017-07-19 14:36:14,073 - main.py:311 - mylogger - Test item: function10
2017-07-19 14:36:14,476 - main.py:311 - mylogger - Test item: function11
2017-07-19 14:36:14,509 - main.py:311 - mylogger - total time： 3.40
2017-07-19 14:36:43,057 - login.py:40 - mylogger - Administrator login
2017-07-19 14:36:51,901 - main.py:310 - mylogger - first info message!
2017-07-19 14:52:45,917 - login.py:40 - mylogger - Administrator login
2017-07-19 15:02:19,535 - login.py:40 - mylogger - Administrator login
2017-07-19 15:02:22,007 - main.py:310 - mylogger - first info message!
2017-07-19 15:02:22,244 - main.py:310 - mylogger - Test item: function1
2017-07-19 15:02:22,277 - main.py:310 - mylogger - Skip item: function2
2017-07-19 15:02:22,534 - main.py:310 - mylogger - Test item: function1
2017-07-19 15:02:22,565 - main.py:310 - mylogger - Test item: function3
2017-07-19 15:02:22,840 - main.py:310 - mylogger - Test item: function2
2017-07-19 15:02:23,044 - main.py:310 - mylogger - Test item: function3
2017-07-19 15:02:23,089 - main.py:310 - mylogger - Test item: function4
2017-07-19 15:02:23,153 - main.py:310 - mylogger - Test item: function4
2017-07-19 15:02:23,352 - main.py:310 - mylogger - Test item: function5
2017-07-19 15:02:23,463 - main.py:310 - mylogger - Test item: function5
2017-07-19 15:02:23,668 - main.py:310 - mylogger - Test item: function6
2017-07-19 15:02:23,762 - main.py:310 - mylogger - Test item: function6
2017-07-19 15:02:23,971 - main.py:310 - mylogger - Test item: function7
2017-07-19 15:02:24,067 - main.py:310 - mylogger - Test item: function7
2017-07-19 15:02:24,374 - main.py:310 - mylogger - Test item: function8
2017-07-19 15:02:24,578 - main.py:310 - mylogger - Test item: function8
2017-07-19 15:02:24,780 - main.py:310 - mylogger - Test item: function9
2017-07-19 15:02:24,823 - main.py:310 - mylogger - total time： 2.72
2017-07-19 15:02:24,917 - main.py:310 - mylogger - Test item: function9
2017-07-19 15:02:25,081 - main.py:310 - mylogger - Test item: function10
2017-07-19 15:02:25,486 - main.py:310 - mylogger - Test item: function11
2017-07-19 15:02:25,518 - main.py:310 - mylogger - total time： 3.41
2017-07-19 15:13:28,269 - login.py:40 - mylogger - Administrator login
2017-07-19 15:13:29,978 - main.py:310 - mylogger - first info message!
2017-07-19 15:14:48,139 - login.py:40 - mylogger - Administrator login
2017-07-19 15:14:49,785 - main.py:310 - mylogger - first info message!
2017-07-19 15:15:33,587 - login.py:40 - mylogger - Administrator login
2017-07-19 15:15:35,397 - main.py:310 - mylogger - first info message!
2017-07-19 15:17:03,572 - login.py:40 - mylogger - Administrator login
2017-07-19 15:17:05,418 - main.py:310 - mylogger - first info message!
2017-07-19 15:17:05,657 - main.py:310 - mylogger - Test item: function1
2017-07-19 15:17:05,691 - main.py:310 - mylogger - Skip item: function2
2017-07-19 15:17:05,947 - main.py:310 - mylogger - Test item: function1
2017-07-19 15:17:05,981 - main.py:310 - mylogger - Test item: function3
2017-07-19 15:17:06,251 - main.py:310 - mylogger - Test item: function2
2017-07-19 15:17:06,455 - main.py:310 - mylogger - Test item: function3
2017-07-19 15:17:06,500 - main.py:310 - mylogger - Test item: function4
2017-07-19 15:17:06,556 - main.py:310 - mylogger - Test item: function4
2017-07-19 15:17:06,758 - main.py:310 - mylogger - Test item: function5
2017-07-19 15:17:06,873 - main.py:310 - mylogger - Test item: function5
2017-07-19 15:17:07,074 - main.py:310 - mylogger - Test item: function6
2017-07-19 15:17:07,160 - main.py:310 - mylogger - Test item: function6
2017-07-19 15:17:07,378 - main.py:310 - mylogger - Test item: function7
2017-07-19 15:17:07,462 - main.py:310 - mylogger - Test item: function7
2017-07-19 15:17:07,783 - main.py:310 - mylogger - Test item: function8
2017-07-19 15:17:07,970 - main.py:310 - mylogger - Test item: function8
2017-07-19 15:17:08,175 - main.py:310 - mylogger - Test item: function9
2017-07-19 15:17:08,207 - main.py:310 - mylogger - total time： 2.70
2017-07-19 15:17:08,300 - main.py:310 - mylogger - Test item: function9
2017-07-19 15:17:08,489 - main.py:310 - mylogger - Test item: function10
2017-07-19 15:17:08,892 - main.py:310 - mylogger - Test item: function11
2017-07-19 15:17:08,925 - main.py:310 - mylogger - total time： 3.40
